2009-07-06 22:30:15	[2]	rename(D:\DOCUMENT_ROOT\www_havefnubb\temp\havefnubb\compiled\urlsig\wrt84F.tmp,D:\DOCUMENT_ROOT\www_havefnubb\temp\havefnubb\compiled/urlsig/urls.xml.xmlrpc.entrypoint.php) [<a href='function.rename'>function.rename</a>]: Permission denied	D:\DOCUMENT_ROOT\www_havefnubb\lib\jelix\utils\jFile.class.php	76
2009-07-06 22:30:15	[2]	rename(D:\DOCUMENT_ROOT\www_havefnubb\temp\havefnubb\compiled\daos\modules\wrt853.tmp,D:\DOCUMENT_ROOT\www_havefnubb\temp\havefnubb\compiled/daos/modules/havefnubb~bans~mysql.php) [<a href='function.rename'>function.rename</a>]: Permission denied	D:\DOCUMENT_ROOT\www_havefnubb\lib\jelix\utils\jFile.class.php	76
2009-07-06 22:30:15	[2]	require(D:\DOCUMENT_ROOT\www_havefnubb\temp\havefnubb\compiled/daos/modules/havefnubb~bans~mysql.php) [<a href='function.require'>function.require</a>]: failed to open stream: Permission denied	D:\DOCUMENT_ROOT\www_havefnubb\lib\jelix\core\jIncluder.class.php	107
2009-07-06 22:30:21	[2]	rename(D:\DOCUMENT_ROOT\www_havefnubb\temp\havefnubb\compiled\urlsig\wrt85C.tmp,D:\DOCUMENT_ROOT\www_havefnubb\temp\havefnubb\compiled/urlsig/urls.xml.creationinfos.php) [<a href='function.rename'>function.rename</a>]: Permission denied	D:\DOCUMENT_ROOT\www_havefnubb\lib\jelix\utils\jFile.class.php	76
2009-07-06 22:30:21	[2]	require(D:\DOCUMENT_ROOT\www_havefnubb\temp\havefnubb\compiled/urlsig/urls.xml.creationinfos.php) [<a href='function.require'>function.require</a>]: failed to open stream: Permission denied	D:\DOCUMENT_ROOT\www_havefnubb\lib\jelix\core\jIncluder.class.php	107
2009-07-06 23:34:05	[2]	rename(D:\DOCUMENT_ROOT\www_havefnubb\temp\havefnubb\compiled\daos\modules\wrt41C.tmp,D:\DOCUMENT_ROOT\www_havefnubb\temp\havefnubb\compiled/daos/modules/havefnubb~bans~mysql.php) [<a href='function.rename'>function.rename</a>]: Permission denied	D:\DOCUMENT_ROOT\www_havefnubb\lib\jelix\utils\jFile.class.php	76
2009-07-06 23:34:05	[2]	require(D:\DOCUMENT_ROOT\www_havefnubb\temp\havefnubb\compiled/daos/modules/havefnubb~bans~mysql.php) [<a href='function.require'>function.require</a>]: failed to open stream: Permission denied	D:\DOCUMENT_ROOT\www_havefnubb\lib\jelix\core\jIncluder.class.php	107
2009-07-06 23:44:21	[2]	rename(D:\DOCUMENT_ROOT\www_havefnubb\temp\havefnubb\compiled\locales\modules\wrt688.tmp,D:\DOCUMENT_ROOT\www_havefnubb\temp\havefnubb\compiled/locales/modules/havefnubb~main.fr_FR.UTF-8.php) [<a href='function.rename'>function.rename</a>]: Permission denied	D:\DOCUMENT_ROOT\www_havefnubb\lib\jelix\utils\jFile.class.php	76
2009-07-06 23:44:21	[2]	rename(D:\DOCUMENT_ROOT\www_havefnubb\temp\havefnubb\compiled\templates\modules\havefnubb\wrt68C.tmp,D:\DOCUMENT_ROOT\www_havefnubb\temp\havefnubb\compiled/templates/modules/havefnubb/zone.posts_replies_html_t.php) [<a href='function.rename'>function.rename</a>]: Permission denied	D:\DOCUMENT_ROOT\www_havefnubb\lib\jelix\utils\jFile.class.php	76
2009-07-06 23:44:21	[2]	require(D:\DOCUMENT_ROOT\www_havefnubb\temp\havefnubb\compiled/templates/modules/havefnubb/zone.posts_replies_html_t.php) [<a href='function.require'>function.require</a>]: failed to open stream: Permission denied	D:\DOCUMENT_ROOT\www_havefnubb\lib\jelix\core\jIncluder.class.php	107
2009-07-06 23:51:41	[2]	rename(D:\DOCUMENT_ROOT\www_havefnubb\temp\havefnubb\compiled\urlsig\wrt91E.tmp,D:\DOCUMENT_ROOT\www_havefnubb\temp\havefnubb\compiled/urlsig/urls.xml.index.entrypoint.php) [<a href='function.rename'>function.rename</a>]: Permission denied	D:\DOCUMENT_ROOT\www_havefnubb\lib\jelix\utils\jFile.class.php	76
2009-07-06 23:51:41	[2]	rename(D:\DOCUMENT_ROOT\www_havefnubb\temp\havefnubb\compiled\urlsig\wrt928.tmp,D:\DOCUMENT_ROOT\www_havefnubb\temp\havefnubb\compiled/urlsig/urls.xml.creationinfos.php) [<a href='function.rename'>function.rename</a>]: Permission denied	D:\DOCUMENT_ROOT\www_havefnubb\lib\jelix\utils\jFile.class.php	76
2009-07-06 23:51:41	[2]	require(D:\DOCUMENT_ROOT\www_havefnubb\temp\havefnubb\compiled/urlsig/urls.xml.creationinfos.php) [<a href='function.require'>function.require</a>]: failed to open stream: No such file or directory	D:\DOCUMENT_ROOT\www_havefnubb\lib\jelix\core\jIncluder.class.php	107
2009-07-06 23:51:41	[2]	require(D:\DOCUMENT_ROOT\www_havefnubb\temp\havefnubb\compiled/urlsig/urls.xml.creationinfos.php) [<a href='function.require'>function.require</a>]: failed to open stream: No such file or directory	D:\DOCUMENT_ROOT\www_havefnubb\lib\jelix\core\jIncluder.class.php	107
2009-07-06 23:51:47	[2]	rename(D:\DOCUMENT_ROOT\www_havefnubb\temp\havefnubb\compiled\urlsig\wrt92E.tmp,D:\DOCUMENT_ROOT\www_havefnubb\temp\havefnubb\compiled/urlsig/urls.xml.hfnuadmin.entrypoint.php) [<a href='function.rename'>function.rename</a>]: Permission denied	D:\DOCUMENT_ROOT\www_havefnubb\lib\jelix\utils\jFile.class.php	76
2009-07-06 23:51:50	[2]	rename(D:\DOCUMENT_ROOT\www_havefnubb\temp\havefnubb\compiled\urlsig\wrt96C.tmp,D:\DOCUMENT_ROOT\www_havefnubb\temp\havefnubb\compiled/urlsig/urls.xml.index.entrypoint.php) [<a href='function.rename'>function.rename</a>]: Permission denied	D:\DOCUMENT_ROOT\www_havefnubb\lib\jelix\utils\jFile.class.php	76
2009-07-06 23:51:50	[2]	rename(D:\DOCUMENT_ROOT\www_havefnubb\temp\havefnubb\compiled\urlsig\wrt970.tmp,D:\DOCUMENT_ROOT\www_havefnubb\temp\havefnubb\compiled/urlsig/urls.xml.hfnuadmin.entrypoint.php) [<a href='function.rename'>function.rename</a>]: Permission denied	D:\DOCUMENT_ROOT\www_havefnubb\lib\jelix\utils\jFile.class.php	76
2009-07-06 23:51:50	[2]	rename(D:\DOCUMENT_ROOT\www_havefnubb\temp\havefnubb\compiled\urlsig\wrt972.tmp,D:\DOCUMENT_ROOT\www_havefnubb\temp\havefnubb\compiled/urlsig/urls.xml.xmlrpc.entrypoint.php) [<a href='function.rename'>function.rename</a>]: File exists	D:\DOCUMENT_ROOT\www_havefnubb\lib\jelix\utils\jFile.class.php	76
2009-07-06 23:51:50	[2]	rename(D:\DOCUMENT_ROOT\www_havefnubb\temp\havefnubb\compiled\urlsig\wrt974.tmp,D:\DOCUMENT_ROOT\www_havefnubb\temp\havefnubb\compiled/urlsig/urls.xml.jsonrpc.entrypoint.php) [<a href='function.rename'>function.rename</a>]: File exists	D:\DOCUMENT_ROOT\www_havefnubb\lib\jelix\utils\jFile.class.php	76
2009-07-06 23:51:50	[2]	rename(D:\DOCUMENT_ROOT\www_havefnubb\temp\havefnubb\compiled\urlsig\wrt975.tmp,D:\DOCUMENT_ROOT\www_havefnubb\temp\havefnubb\compiled/urlsig/urls.xml.creationinfos.php) [<a href='function.rename'>function.rename</a>]: File exists	D:\DOCUMENT_ROOT\www_havefnubb\lib\jelix\utils\jFile.class.php	76
2009-07-06 23:51:55	[2]	rename(D:\DOCUMENT_ROOT\www_havefnubb\temp\havefnubb\compiled\locales\modules\wrt9CF.tmp,D:\DOCUMENT_ROOT\www_havefnubb\temp\havefnubb\compiled/locales/modules/havefnubb~post.en_EN.UTF-8.php) [<a href='function.rename'>function.rename</a>]: Permission denied	D:\DOCUMENT_ROOT\www_havefnubb\lib\jelix\utils\jFile.class.php	76
2009-07-06 23:51:56	[2]	rename(D:\DOCUMENT_ROOT\www_havefnubb\temp\havefnubb\compiled\templates\modules\havefnubb\wrt9D4.tmp,D:\DOCUMENT_ROOT\www_havefnubb\temp\havefnubb\compiled/templates/modules/havefnubb/zone.memberprofile_html_t.php) [<a href='function.rename'>function.rename</a>]: Permission denied	D:\DOCUMENT_ROOT\www_havefnubb\lib\jelix\utils\jFile.class.php	76
2009-07-06 23:51:56	[2]	require(D:\DOCUMENT_ROOT\www_havefnubb\temp\havefnubb\compiled/templates/modules/havefnubb/zone.memberprofile_html_t.php) [<a href='function.require'>function.require</a>]: failed to open stream: Permission denied	D:\DOCUMENT_ROOT\www_havefnubb\lib\jelix\core\jIncluder.class.php	107
2009-07-06 23:52:00	[2]	rename(D:\DOCUMENT_ROOT\www_havefnubb\temp\havefnubb\compiled\urlsig\wrtA15.tmp,D:\DOCUMENT_ROOT\www_havefnubb\temp\havefnubb\compiled/urlsig/urls.xml.index.entrypoint.php) [<a href='function.rename'>function.rename</a>]: File exists	D:\DOCUMENT_ROOT\www_havefnubb\lib\jelix\utils\jFile.class.php	76
2009-07-06 23:52:00	[2]	rename(D:\DOCUMENT_ROOT\www_havefnubb\temp\havefnubb\compiled\urlsig\wrtA16.tmp,D:\DOCUMENT_ROOT\www_havefnubb\temp\havefnubb\compiled/urlsig/urls.xml.hfnuinstall.entrypoint.php) [<a href='function.rename'>function.rename</a>]: File exists	D:\DOCUMENT_ROOT\www_havefnubb\lib\jelix\utils\jFile.class.php	76
2009-07-06 23:52:00	[2]	rename(D:\DOCUMENT_ROOT\www_havefnubb\temp\havefnubb\compiled\urlsig\wrtA19.tmp,D:\DOCUMENT_ROOT\www_havefnubb\temp\havefnubb\compiled/urlsig/urls.xml.hfnuadmin.entrypoint.php) [<a href='function.rename'>function.rename</a>]: File exists	D:\DOCUMENT_ROOT\www_havefnubb\lib\jelix\utils\jFile.class.php	76
2009-07-06 23:52:01	[2]	rename(D:\DOCUMENT_ROOT\www_havefnubb\temp\havefnubb\compiled\urlsig\wrtA1D.tmp,D:\DOCUMENT_ROOT\www_havefnubb\temp\havefnubb\compiled/urlsig/urls.xml.jsonrpc.entrypoint.php) [<a href='function.rename'>function.rename</a>]: Permission denied	D:\DOCUMENT_ROOT\www_havefnubb\lib\jelix\utils\jFile.class.php	76
2009-07-06 23:52:01	[2]	unlink(D:\DOCUMENT_ROOT\www_havefnubb\temp\havefnubb\compiled/urlsig/urls.xml.creationinfos.php) [<a href='function.unlink'>function.unlink</a>]: Permission denied	D:\DOCUMENT_ROOT\www_havefnubb\lib\jelix\utils\jFile.class.php	74
2009-07-06 23:52:01	[2]	rename(D:\DOCUMENT_ROOT\www_havefnubb\temp\havefnubb\compiled\urlsig\wrtA1F.tmp,D:\DOCUMENT_ROOT\www_havefnubb\temp\havefnubb\compiled/urlsig/urls.xml.creationinfos.php) [<a href='function.rename'>function.rename</a>]: File exists	D:\DOCUMENT_ROOT\www_havefnubb\lib\jelix\utils\jFile.class.php	76
2009-07-06 23:52:51	[2]	rename(D:\DOCUMENT_ROOT\www_havefnubb\temp\havefnubb\compiled\urlsig\wrtAEA.tmp,D:\DOCUMENT_ROOT\www_havefnubb\temp\havefnubb\compiled/urlsig/urls.xml.index.entrypoint.php) [<a href='function.rename'>function.rename</a>]: Permission denied	D:\DOCUMENT_ROOT\www_havefnubb\lib\jelix\utils\jFile.class.php	76
2009-07-06 23:53:07	[2]	rename(D:\DOCUMENT_ROOT\www_havefnubb\temp\havefnubb\compiled\locales\modules\wrtB55.tmp,D:\DOCUMENT_ROOT\www_havefnubb\temp\havefnubb\compiled/locales/modules/havefnubb~member.en_EN.UTF-8.php) [<a href='function.rename'>function.rename</a>]: Permission denied	D:\DOCUMENT_ROOT\www_havefnubb\lib\jelix\utils\jFile.class.php	76
2009-07-06 23:53:07	[2]	rename(D:\DOCUMENT_ROOT\www_havefnubb\temp\havefnubb\compiled\templates\modules\havefnubb\wrtB58.tmp,D:\DOCUMENT_ROOT\www_havefnubb\temp\havefnubb\compiled/templates/modules/havefnubb/zone.what_is_my_rank_html_t.php) [<a href='function.rename'>function.rename</a>]: Permission denied	D:\DOCUMENT_ROOT\www_havefnubb\lib\jelix\utils\jFile.class.php	76
2009-07-06 23:53:07	[2]	require(D:\DOCUMENT_ROOT\www_havefnubb\temp\havefnubb\compiled/templates/modules/havefnubb/zone.what_is_my_rank_html_t.php) [<a href='function.require'>function.require</a>]: failed to open stream: Permission denied	D:\DOCUMENT_ROOT\www_havefnubb\lib\jelix\core\jIncluder.class.php	107
2009-07-07 00:01:25	[132]	response is missing (action hfnurates~default:rate_ajax_it@classic)	D:\DOCUMENT_ROOT\www_havefnubb\lib\jelix\core\jCoordinator.class.php	194
2009-07-08 21:39:59	[12]	Module inconnu dans le sélecteur "havefnubb~default:index@classic"	D:\DOCUMENT_ROOT\www_havefnubb\lib\jelix\core\selector\jSelectorActFast.class.php	48
2009-07-08 21:40:00	[12]	Module inconnu dans le sélecteur "havefnubb~error:badright@classic"	D:\DOCUMENT_ROOT\www_havefnubb\lib\jelix\core\selector\jSelectorActFast.class.php	48
2009-07-08 21:40:02	[12]	Module inconnu dans le sélecteur "havefnubb~error:badright@classic"	D:\DOCUMENT_ROOT\www_havefnubb\lib\jelix\core\selector\jSelectorActFast.class.php	48
2009-07-08 21:40:12	[12]	Module inconnu dans le sélecteur "havefnubb~default:index@classic"	D:\DOCUMENT_ROOT\www_havefnubb\lib\jelix\core\selector\jSelectorActFast.class.php	48
2009-07-08 21:41:02	[12]	Module inconnu dans le sélecteur "havefnubb~default:index@classic"	D:\DOCUMENT_ROOT\www_havefnubb\lib\jelix\core\selector\jSelectorActFast.class.php	48
2009-07-08 21:42:45	[12]	Module inconnu dans le sélecteur "havefnubb~default:index@classic"	D:\DOCUMENT_ROOT\www_havefnubb\lib\jelix\core\selector\jSelectorActFast.class.php	48
2009-07-11 11:29:46	[12]	Module inconnu dans le sélecteur "havefnubb~default:index@classic"	D:\DOCUMENT_ROOT\www_havefnubb\lib\jelix\core\selector\jSelectorActFast.class.php	48
2009-07-11 11:29:47	[12]	Module inconnu dans le sélecteur "havefnubb~error:badright@classic"	D:\DOCUMENT_ROOT\www_havefnubb\lib\jelix\core\selector\jSelectorActFast.class.php	48
2009-07-11 11:30:44	[2]	unlink(D:\DOCUMENT_ROOT\www_havefnubb\temp\havefnubb\.svn\all-wcprops) [<a href='function.unlink'>function.unlink</a>]: Permission denied	D:\DOCUMENT_ROOT\www_havefnubb\lib\jelix\utils\jFile.class.php	113
2009-07-11 11:30:44	[2]	unlink(D:\DOCUMENT_ROOT\www_havefnubb\temp\havefnubb\.svn\dir-prop-base) [<a href='function.unlink'>function.unlink</a>]: Permission denied	D:\DOCUMENT_ROOT\www_havefnubb\lib\jelix\utils\jFile.class.php	113
2009-07-11 11:30:44	[2]	unlink(D:\DOCUMENT_ROOT\www_havefnubb\temp\havefnubb\.svn\entries) [<a href='function.unlink'>function.unlink</a>]: Permission denied	D:\DOCUMENT_ROOT\www_havefnubb\lib\jelix\utils\jFile.class.php	113
2009-07-11 11:30:44	[2]	unlink(D:\DOCUMENT_ROOT\www_havefnubb\temp\havefnubb\.svn\text-base\empty.svn-base) [<a href='function.unlink'>function.unlink</a>]: Permission denied	D:\DOCUMENT_ROOT\www_havefnubb\lib\jelix\utils\jFile.class.php	113
2009-07-11 11:30:44	[2]	rmdir(D:\DOCUMENT_ROOT\www_havefnubb\temp\havefnubb\.svn\text-base) [<a href='function.rmdir'>function.rmdir</a>]: Directory not empty	D:\DOCUMENT_ROOT\www_havefnubb\lib\jelix\utils\jFile.class.php	126
2009-07-11 11:30:44	[2]	rmdir(D:\DOCUMENT_ROOT\www_havefnubb\temp\havefnubb\.svn) [<a href='function.rmdir'>function.rmdir</a>]: Directory not empty	D:\DOCUMENT_ROOT\www_havefnubb\lib\jelix\utils\jFile.class.php	126
2009-07-14 08:41:47	[2]	unlink(D:\DOCUMENT_ROOT\www_havefnubb\temp\havefnubb\.svn\all-wcprops) [<a href='function.unlink'>function.unlink</a>]: Permission denied	D:\DOCUMENT_ROOT\www_havefnubb\lib\jelix\utils\jFile.class.php	113
2009-07-14 08:41:47	[2]	unlink(D:\DOCUMENT_ROOT\www_havefnubb\temp\havefnubb\.svn\dir-prop-base) [<a href='function.unlink'>function.unlink</a>]: Permission denied	D:\DOCUMENT_ROOT\www_havefnubb\lib\jelix\utils\jFile.class.php	113
2009-07-14 08:41:47	[2]	unlink(D:\DOCUMENT_ROOT\www_havefnubb\temp\havefnubb\.svn\entries) [<a href='function.unlink'>function.unlink</a>]: Permission denied	D:\DOCUMENT_ROOT\www_havefnubb\lib\jelix\utils\jFile.class.php	113
2009-07-14 08:41:47	[2]	unlink(D:\DOCUMENT_ROOT\www_havefnubb\temp\havefnubb\.svn\text-base\empty.svn-base) [<a href='function.unlink'>function.unlink</a>]: Permission denied	D:\DOCUMENT_ROOT\www_havefnubb\lib\jelix\utils\jFile.class.php	113
2009-07-14 08:41:47	[2]	rmdir(D:\DOCUMENT_ROOT\www_havefnubb\temp\havefnubb\.svn\text-base) [<a href='function.rmdir'>function.rmdir</a>]: Directory not empty	D:\DOCUMENT_ROOT\www_havefnubb\lib\jelix\utils\jFile.class.php	126
2009-07-14 08:41:47	[2]	rmdir(D:\DOCUMENT_ROOT\www_havefnubb\temp\havefnubb\.svn) [<a href='function.rmdir'>function.rmdir</a>]: Directory not empty	D:\DOCUMENT_ROOT\www_havefnubb\lib\jelix\utils\jFile.class.php	126
2009-07-14 09:03:08	[2]	preg_split() [<a href='function.preg-split'>function.preg-split</a>]: No ending delimiter ':' found	D:\DOCUMENT_ROOT\www_havefnubb\responses\fnuHtmlResponse.class.php	63
2009-07-14 09:03:09	[2]	preg_split() [<a href='function.preg-split'>function.preg-split</a>]: No ending delimiter ':' found	D:\DOCUMENT_ROOT\www_havefnubb\responses\fnuHtmlResponse.class.php	63
2009-07-14 10:07:59	[2]	unlink(D:\DOCUMENT_ROOT\www_havefnubb\temp\havefnubb\.svn\all-wcprops) [<a href='function.unlink'>function.unlink</a>]: Permission denied	D:\DOCUMENT_ROOT\www_havefnubb\lib\jelix\utils\jFile.class.php	113
2009-07-14 10:07:59	[2]	unlink(D:\DOCUMENT_ROOT\www_havefnubb\temp\havefnubb\.svn\dir-prop-base) [<a href='function.unlink'>function.unlink</a>]: Permission denied	D:\DOCUMENT_ROOT\www_havefnubb\lib\jelix\utils\jFile.class.php	113
2009-07-14 10:07:59	[2]	unlink(D:\DOCUMENT_ROOT\www_havefnubb\temp\havefnubb\.svn\entries) [<a href='function.unlink'>function.unlink</a>]: Permission denied	D:\DOCUMENT_ROOT\www_havefnubb\lib\jelix\utils\jFile.class.php	113
2009-07-14 10:07:59	[2]	unlink(D:\DOCUMENT_ROOT\www_havefnubb\temp\havefnubb\.svn\text-base\empty.svn-base) [<a href='function.unlink'>function.unlink</a>]: Permission denied	D:\DOCUMENT_ROOT\www_havefnubb\lib\jelix\utils\jFile.class.php	113
2009-07-14 10:07:59	[2]	rmdir(D:\DOCUMENT_ROOT\www_havefnubb\temp\havefnubb\.svn\text-base) [<a href='function.rmdir'>function.rmdir</a>]: Directory not empty	D:\DOCUMENT_ROOT\www_havefnubb\lib\jelix\utils\jFile.class.php	126
2009-07-14 10:07:59	[2]	rmdir(D:\DOCUMENT_ROOT\www_havefnubb\temp\havefnubb\.svn) [<a href='function.rmdir'>function.rmdir</a>]: Directory not empty	D:\DOCUMENT_ROOT\www_havefnubb\lib\jelix\utils\jFile.class.php	126
2009-08-09 09:47:15	[402]	Impossible de se connecter sur localhost (mauvais host, login ou mot de passe ?)	D:\DOCUMENT_ROOT\www_havefnubb\lib\jelix\plugins\db\mysql\mysql.dbconnection.php	95
2009-08-09 09:55:36	[402]	Impossible de se connecter sur localhost (mauvais host, login ou mot de passe ?)	D:\DOCUMENT_ROOT\www_havefnubb\lib\jelix\plugins\db\mysql\mysql.dbconnection.php	95
2009-08-09 10:02:17	[307]	Dans le tag @hfnuinstall~install.goto.forum@ du template D:\DOCUMENT_ROOT\www_havefnubb\modules/hfnuinstall/templates/install.tpl, le code php goto n'est pas autorisé	D:\DOCUMENT_ROOT\www_havefnubb\lib\jelix\tpl\jTplCompiler.class.php	526
2009-08-09 10:09:29	[307]	Dans le tag @havefnubb~main.goto.this.message@ du template D:\DOCUMENT_ROOT\www_havefnubb\modules/havefnubb/templates/zone.postlc.tpl, le code php goto n'est pas autorisé	D:\DOCUMENT_ROOT\www_havefnubb\lib\jelix\tpl\jTplCompiler.class.php	526
2009-08-12 18:52:57	[835]	 Le token du formulaire n'est pas valide, vous devez remplir le formulaire correctement à partir du site.	D:\DOCUMENT_ROOT\www_havefnubb\lib\jelix\forms\jFormsBase.class.php	142
2009-08-12 18:55:17	[835]	 Le token du formulaire n'est pas valide, vous devez remplir le formulaire correctement à partir du site.	D:\DOCUMENT_ROOT\www_havefnubb\lib\jelix\forms\jFormsBase.class.php	142
2009-08-12 19:52:51	[4096]	Object of class cDaoRecord_jelix_Jx_jacl2groupsofuser_Jx_mysql could not be converted to string	D:\DOCUMENT_ROOT\www_havefnubb\modules\havefnubb\zones\memberlist.zone.php	63
2009-08-12 19:52:54	[4096]	Object of class cDaoRecord_jelix_Jx_jacl2groupsofuser_Jx_mysql could not be converted to string	D:\DOCUMENT_ROOT\www_havefnubb\modules\havefnubb\zones\memberlist.zone.php	63
2009-08-13 15:17:31	[2]	rename(D:\DOCUMENT_ROOT\www_havefnubb\temp\havefnubb\compiled\templates\themes\fluid\havefnubb\wrt60E.tmp,D:\DOCUMENT_ROOT\www_havefnubb\temp\havefnubb\compiled/templates/themes/fluid/havefnubb/main_html_t.php) [<a href='function.rename'>function.rename</a>]: No such file or directory	D:\DOCUMENT_ROOT\www_havefnubb\lib\jelix\utils\jFile.class.php	76
2009-08-13 15:17:31	[2]	require(D:\DOCUMENT_ROOT\www_havefnubb\temp\havefnubb\compiled\templates\themes\fluid\havefnubb\main_html_t.php) [<a href='function.require'>function.require</a>]: failed to open stream: Permission denied	D:\DOCUMENT_ROOT\www_havefnubb\lib\jelix\core\jIncluder.class.php	107
2009-08-13 15:42:25	[353]	jMailer : Impossible d'instancier la fonction mail.	D:\DOCUMENT_ROOT\www_havefnubb\lib\jelix\utils\jMailer.class.php	182
2009-08-13 19:23:14	[0]	(210)The given locale key "havefnubb~member.private.messenging" does not exists in the default lang for the UTF-8 charset	D:\DOCUMENT_ROOT\www_havefnubb\lib\jelix\core\jLocale.class.php	86
2009-08-14 08:37:10	[402]	Impossible de se connecter sur localhost (mauvais host, login ou mot de passe ?)	E:\wamp\www1\lib\jelix\plugins\db\mysql\mysql.dbconnection.php	95
2009-08-14 08:38:22	[402]	Impossible de se connecter sur localhost (mauvais host, login ou mot de passe ?)	E:\wamp\www1\lib\jelix\plugins\db\mysql\mysql.dbconnection.php	95
2009-08-14 08:41:19	[2]	require_once(D:\DOCUMENT_ROOT\www_havefnubb\lib\jelix/plugins/tpl/html/function.jurl.php) [<a href='function.require-once'>function.require-once</a>]: failed to open stream: Permission denied	E:\wamp\www1\temp\havefnubb\compiled\templates\themes\fluid\havefnubb\zone.category_html_t.php	2
2009-08-14 08:41:23	[2]	require_once(D:\DOCUMENT_ROOT\www_havefnubb\lib\jelix/plugins/tpl/html/function.jurl.php) [<a href='function.require-once'>function.require-once</a>]: failed to open stream: Permission denied	E:\wamp\www1\temp\havefnubb\compiled\templates\themes\fluid\havefnubb\zone.category_html_t.php	2
2009-08-14 08:41:25	[2]	require_once(D:\DOCUMENT_ROOT\www_havefnubb\lib\jelix/plugins/tpl/html/function.jurl.php) [<a href='function.require-once'>function.require-once</a>]: failed to open stream: Permission denied	E:\wamp\www1\temp\havefnubb\compiled\templates\themes\fluid\havefnubb\zone.category_html_t.php	2
2009-08-14 08:41:26	[2]	require_once(D:\DOCUMENT_ROOT\www_havefnubb\lib\jelix/plugins/tpl/html/function.jurl.php) [<a href='function.require-once'>function.require-once</a>]: failed to open stream: Permission denied	E:\wamp\www1\temp\havefnubb\compiled\templates\themes\fluid\havefnubb\zone.category_html_t.php	2
2009-08-14 08:41:40	[2]	require_once(D:\DOCUMENT_ROOT\www_havefnubb\lib\jelix/plugins/tpl/html/function.jurl.php) [<a href='function.require-once'>function.require-once</a>]: failed to open stream: Permission denied	E:\wamp\www1\temp\havefnubb\compiled\templates\themes\fluid\havefnubb\zone.category_html_t.php	2
2009-08-14 08:41:40	[2]	require_once(D:\DOCUMENT_ROOT\www_havefnubb\lib\jelix/plugins/tpl/html/function.jurl.php) [<a href='function.require-once'>function.require-once</a>]: failed to open stream: Permission denied	E:\wamp\www1\temp\havefnubb\compiled\templates\themes\fluid\havefnubb\zone.category_html_t.php	2
2009-08-14 11:00:49	[835]	 Le token du formulaire n'est pas valide, vous devez remplir le formulaire correctement à partir du site.	E:\wamp\www1\lib\jelix\forms\jFormsBase.class.php	142
2009-08-14 11:58:30	[835]	 Le token du formulaire n'est pas valide, vous devez remplir le formulaire correctement à partir du site.	E:\wamp\www1\lib\jelix\forms\jFormsBase.class.php	142
2009-08-14 12:50:39	[2]	preg_match() [<a href='function.preg-match'>function.preg-match</a>]: No ending delimiter '/' found	E:\wamp\www1\lib\wikirenderer\rules\wr3_to_xhtml.php	393
2009-08-14 12:50:39	[2]	preg_match() [<a href='function.preg-match'>function.preg-match</a>]: No ending delimiter '/' found	E:\wamp\www1\lib\wikirenderer\rules\wr3_to_xhtml.php	393
2009-08-14 12:50:39	[2]	preg_match() [<a href='function.preg-match'>function.preg-match</a>]: No ending delimiter '/' found	E:\wamp\www1\lib\wikirenderer\rules\wr3_to_xhtml.php	393
2009-08-14 12:50:39	[2]	preg_match() [<a href='function.preg-match'>function.preg-match</a>]: No ending delimiter '/' found	E:\wamp\www1\lib\wikirenderer\rules\wr3_to_xhtml.php	393
2009-08-14 12:50:39	[2]	preg_match() [<a href='function.preg-match'>function.preg-match</a>]: No ending delimiter '/' found	E:\wamp\www1\lib\wikirenderer\rules\wr3_to_xhtml.php	393
2009-08-14 12:50:39	[2]	preg_match() [<a href='function.preg-match'>function.preg-match</a>]: No ending delimiter '/' found	E:\wamp\www1\lib\wikirenderer\rules\wr3_to_xhtml.php	393
2009-08-14 12:50:39	[2]	preg_match() [<a href='function.preg-match'>function.preg-match</a>]: No ending delimiter '/' found	E:\wamp\www1\lib\wikirenderer\rules\wr3_to_xhtml.php	393
2009-08-14 12:50:39	[2]	preg_match() [<a href='function.preg-match'>function.preg-match</a>]: No ending delimiter '/' found	E:\wamp\www1\lib\wikirenderer\rules\wr3_to_xhtml.php	393
2009-08-14 12:50:39	[2]	preg_match() [<a href='function.preg-match'>function.preg-match</a>]: No ending delimiter '/' found	E:\wamp\www1\lib\wikirenderer\rules\wr3_to_xhtml.php	393
2009-08-14 12:50:39	[2]	preg_match() [<a href='function.preg-match'>function.preg-match</a>]: No ending delimiter '/' found	E:\wamp\www1\lib\wikirenderer\rules\wr3_to_xhtml.php	393
2009-08-14 12:50:39	[2]	preg_match() [<a href='function.preg-match'>function.preg-match</a>]: No ending delimiter '/' found	E:\wamp\www1\lib\wikirenderer\rules\wr3_to_xhtml.php	393
2009-08-14 12:50:39	[2]	preg_match() [<a href='function.preg-match'>function.preg-match</a>]: No ending delimiter '/' found	E:\wamp\www1\lib\wikirenderer\rules\wr3_to_xhtml.php	393
2009-08-14 12:50:39	[2]	preg_match() [<a href='function.preg-match'>function.preg-match</a>]: No ending delimiter '/' found	E:\wamp\www1\lib\wikirenderer\rules\wr3_to_xhtml.php	393
2009-08-14 12:50:39	[2]	preg_match() [<a href='function.preg-match'>function.preg-match</a>]: No ending delimiter '/' found	E:\wamp\www1\lib\wikirenderer\rules\wr3_to_xhtml.php	393
2009-08-14 12:50:39	[2]	preg_match() [<a href='function.preg-match'>function.preg-match</a>]: No ending delimiter '/' found	E:\wamp\www1\lib\wikirenderer\rules\wr3_to_xhtml.php	393
2009-08-14 12:51:05	[2]	preg_match() [<a href='function.preg-match'>function.preg-match</a>]: No ending delimiter '/' found	E:\wamp\www1\lib\wikirenderer\rules\wr3_to_xhtml.php	393
2009-08-14 12:51:05	[2]	preg_match() [<a href='function.preg-match'>function.preg-match</a>]: No ending delimiter '/' found	E:\wamp\www1\lib\wikirenderer\rules\wr3_to_xhtml.php	393
2009-08-14 12:51:05	[2]	preg_match() [<a href='function.preg-match'>function.preg-match</a>]: No ending delimiter '/' found	E:\wamp\www1\lib\wikirenderer\rules\wr3_to_xhtml.php	393
2009-08-14 12:51:05	[2]	preg_match() [<a href='function.preg-match'>function.preg-match</a>]: No ending delimiter '/' found	E:\wamp\www1\lib\wikirenderer\rules\wr3_to_xhtml.php	393
2009-08-14 12:51:05	[2]	preg_match() [<a href='function.preg-match'>function.preg-match</a>]: No ending delimiter '/' found	E:\wamp\www1\lib\wikirenderer\rules\wr3_to_xhtml.php	393
2009-08-14 12:51:05	[2]	preg_match() [<a href='function.preg-match'>function.preg-match</a>]: No ending delimiter '/' found	E:\wamp\www1\lib\wikirenderer\rules\wr3_to_xhtml.php	393
2009-08-14 12:51:05	[2]	preg_match() [<a href='function.preg-match'>function.preg-match</a>]: No ending delimiter '/' found	E:\wamp\www1\lib\wikirenderer\rules\wr3_to_xhtml.php	393
2009-08-14 12:51:05	[2]	preg_match() [<a href='function.preg-match'>function.preg-match</a>]: No ending delimiter '/' found	E:\wamp\www1\lib\wikirenderer\rules\wr3_to_xhtml.php	393
2009-08-14 12:51:05	[2]	preg_match() [<a href='function.preg-match'>function.preg-match</a>]: No ending delimiter '/' found	E:\wamp\www1\lib\wikirenderer\rules\wr3_to_xhtml.php	393
2009-08-14 12:51:05	[2]	preg_match() [<a href='function.preg-match'>function.preg-match</a>]: No ending delimiter '/' found	E:\wamp\www1\lib\wikirenderer\rules\wr3_to_xhtml.php	393
2009-08-14 12:51:05	[2]	preg_match() [<a href='function.preg-match'>function.preg-match</a>]: No ending delimiter '/' found	E:\wamp\www1\lib\wikirenderer\rules\wr3_to_xhtml.php	393
2009-08-14 12:51:05	[2]	preg_match() [<a href='function.preg-match'>function.preg-match</a>]: No ending delimiter '/' found	E:\wamp\www1\lib\wikirenderer\rules\wr3_to_xhtml.php	393
2009-08-14 12:51:05	[2]	preg_match() [<a href='function.preg-match'>function.preg-match</a>]: No ending delimiter '/' found	E:\wamp\www1\lib\wikirenderer\rules\wr3_to_xhtml.php	393
2009-08-14 12:51:05	[2]	preg_match() [<a href='function.preg-match'>function.preg-match</a>]: No ending delimiter '/' found	E:\wamp\www1\lib\wikirenderer\rules\wr3_to_xhtml.php	393
2009-08-14 12:51:05	[2]	preg_match() [<a href='function.preg-match'>function.preg-match</a>]: No ending delimiter '/' found	E:\wamp\www1\lib\wikirenderer\rules\wr3_to_xhtml.php	393
2009-08-14 12:51:24	[2]	preg_match() [<a href='function.preg-match'>function.preg-match</a>]: No ending delimiter '/' found	E:\wamp\www1\lib\wikirenderer\rules\wr3_to_xhtml.php	393
2009-08-14 12:51:24	[2]	preg_match() [<a href='function.preg-match'>function.preg-match</a>]: No ending delimiter '/' found	E:\wamp\www1\lib\wikirenderer\rules\wr3_to_xhtml.php	393
2009-08-14 12:51:24	[2]	preg_match() [<a href='function.preg-match'>function.preg-match</a>]: No ending delimiter '/' found	E:\wamp\www1\lib\wikirenderer\rules\wr3_to_xhtml.php	393
2009-08-14 12:51:24	[2]	preg_match() [<a href='function.preg-match'>function.preg-match</a>]: No ending delimiter '/' found	E:\wamp\www1\lib\wikirenderer\rules\wr3_to_xhtml.php	393
2009-08-14 12:51:24	[2]	preg_match() [<a href='function.preg-match'>function.preg-match</a>]: No ending delimiter '/' found	E:\wamp\www1\lib\wikirenderer\rules\wr3_to_xhtml.php	393
2009-08-14 12:51:24	[2]	preg_match() [<a href='function.preg-match'>function.preg-match</a>]: No ending delimiter '/' found	E:\wamp\www1\lib\wikirenderer\rules\wr3_to_xhtml.php	393
2009-08-14 12:51:24	[2]	preg_match() [<a href='function.preg-match'>function.preg-match</a>]: No ending delimiter '/' found	E:\wamp\www1\lib\wikirenderer\rules\wr3_to_xhtml.php	393
2009-08-14 12:51:24	[2]	preg_match() [<a href='function.preg-match'>function.preg-match</a>]: No ending delimiter '/' found	E:\wamp\www1\lib\wikirenderer\rules\wr3_to_xhtml.php	393
2009-08-14 12:51:24	[2]	preg_match() [<a href='function.preg-match'>function.preg-match</a>]: No ending delimiter '/' found	E:\wamp\www1\lib\wikirenderer\rules\wr3_to_xhtml.php	393
2009-08-14 12:51:25	[2]	preg_match() [<a href='function.preg-match'>function.preg-match</a>]: No ending delimiter '/' found	E:\wamp\www1\lib\wikirenderer\rules\wr3_to_xhtml.php	393
2009-08-14 12:51:25	[2]	preg_match() [<a href='function.preg-match'>function.preg-match</a>]: No ending delimiter '/' found	E:\wamp\www1\lib\wikirenderer\rules\wr3_to_xhtml.php	393
2009-08-14 12:51:25	[2]	preg_match() [<a href='function.preg-match'>function.preg-match</a>]: No ending delimiter '/' found	E:\wamp\www1\lib\wikirenderer\rules\wr3_to_xhtml.php	393
2009-08-14 12:51:25	[2]	preg_match() [<a href='function.preg-match'>function.preg-match</a>]: No ending delimiter '/' found	E:\wamp\www1\lib\wikirenderer\rules\wr3_to_xhtml.php	393
2009-08-14 12:51:25	[2]	preg_match() [<a href='function.preg-match'>function.preg-match</a>]: No ending delimiter '/' found	E:\wamp\www1\lib\wikirenderer\rules\wr3_to_xhtml.php	393
2009-08-14 12:51:25	[2]	preg_match() [<a href='function.preg-match'>function.preg-match</a>]: No ending delimiter '/' found	E:\wamp\www1\lib\wikirenderer\rules\wr3_to_xhtml.php	393
2009-08-14 12:52:31	[2]	preg_match() [<a href='function.preg-match'>function.preg-match</a>]: Unknown modifier '\'	E:\wamp\www1\lib\wikirenderer\rules\wr3_to_xhtml.php	384
2009-08-14 12:52:31	[2]	preg_match() [<a href='function.preg-match'>function.preg-match</a>]: Unknown modifier '\'	E:\wamp\www1\lib\wikirenderer\rules\wr3_to_xhtml.php	384
2009-08-14 12:52:31	[2]	preg_match() [<a href='function.preg-match'>function.preg-match</a>]: Unknown modifier '\'	E:\wamp\www1\lib\wikirenderer\rules\wr3_to_xhtml.php	384
2009-08-14 12:54:55	[2]	preg_match() [<a href='function.preg-match'>function.preg-match</a>]: Unknown modifier '\'	E:\wamp\www1\lib\wikirenderer\rules\wr3_to_xhtml.php	382
2009-08-14 12:54:55	[2]	preg_match() [<a href='function.preg-match'>function.preg-match</a>]: Unknown modifier '\'	E:\wamp\www1\lib\wikirenderer\rules\wr3_to_xhtml.php	382
2009-08-14 12:54:55	[2]	preg_match() [<a href='function.preg-match'>function.preg-match</a>]: Unknown modifier '\'	E:\wamp\www1\lib\wikirenderer\rules\wr3_to_xhtml.php	382
2009-08-14 12:54:55	[2]	preg_match() [<a href='function.preg-match'>function.preg-match</a>]: Unknown modifier '\'	E:\wamp\www1\lib\wikirenderer\rules\wr3_to_xhtml.php	382
2009-08-14 12:54:55	[2]	preg_match() [<a href='function.preg-match'>function.preg-match</a>]: Unknown modifier '\'	E:\wamp\www1\lib\wikirenderer\rules\wr3_to_xhtml.php	382
2009-08-14 12:54:55	[2]	preg_match() [<a href='function.preg-match'>function.preg-match</a>]: Unknown modifier '\'	E:\wamp\www1\lib\wikirenderer\rules\wr3_to_xhtml.php	382
2009-08-14 12:54:55	[2]	preg_match() [<a href='function.preg-match'>function.preg-match</a>]: Unknown modifier '\'	E:\wamp\www1\lib\wikirenderer\rules\wr3_to_xhtml.php	382
2009-08-14 12:54:55	[2]	preg_match() [<a href='function.preg-match'>function.preg-match</a>]: Unknown modifier '\'	E:\wamp\www1\lib\wikirenderer\rules\wr3_to_xhtml.php	382
2009-08-14 12:54:55	[2]	preg_match() [<a href='function.preg-match'>function.preg-match</a>]: Unknown modifier '\'	E:\wamp\www1\lib\wikirenderer\rules\wr3_to_xhtml.php	382
2009-08-14 12:54:55	[2]	preg_match() [<a href='function.preg-match'>function.preg-match</a>]: Unknown modifier '\'	E:\wamp\www1\lib\wikirenderer\rules\wr3_to_xhtml.php	382
2009-08-14 12:54:55	[2]	preg_match() [<a href='function.preg-match'>function.preg-match</a>]: Unknown modifier '\'	E:\wamp\www1\lib\wikirenderer\rules\wr3_to_xhtml.php	382
2009-08-14 12:54:55	[2]	preg_match() [<a href='function.preg-match'>function.preg-match</a>]: Unknown modifier '\'	E:\wamp\www1\lib\wikirenderer\rules\wr3_to_xhtml.php	382
2009-08-14 12:54:55	[2]	preg_match() [<a href='function.preg-match'>function.preg-match</a>]: Unknown modifier '\'	E:\wamp\www1\lib\wikirenderer\rules\wr3_to_xhtml.php	382
2009-08-14 12:54:55	[2]	preg_match() [<a href='function.preg-match'>function.preg-match</a>]: Unknown modifier '\'	E:\wamp\www1\lib\wikirenderer\rules\wr3_to_xhtml.php	382
2009-08-14 12:54:55	[2]	preg_match() [<a href='function.preg-match'>function.preg-match</a>]: Unknown modifier '\'	E:\wamp\www1\lib\wikirenderer\rules\wr3_to_xhtml.php	382
2009-08-14 12:54:55	[2]	preg_match() [<a href='function.preg-match'>function.preg-match</a>]: Unknown modifier '\'	E:\wamp\www1\lib\wikirenderer\rules\wr3_to_xhtml.php	382
2009-08-14 12:54:55	[2]	preg_match() [<a href='function.preg-match'>function.preg-match</a>]: Unknown modifier '\'	E:\wamp\www1\lib\wikirenderer\rules\wr3_to_xhtml.php	382
2009-08-14 12:54:55	[2]	preg_match() [<a href='function.preg-match'>function.preg-match</a>]: Unknown modifier '\'	E:\wamp\www1\lib\wikirenderer\rules\wr3_to_xhtml.php	382
2009-08-14 12:55:09	[2]	preg_match() [<a href='function.preg-match'>function.preg-match</a>]: Unknown modifier '\'	E:\wamp\www1\lib\wikirenderer\rules\wr3_to_xhtml.php	382
2009-08-14 12:55:10	[2]	preg_match() [<a href='function.preg-match'>function.preg-match</a>]: Unknown modifier '\'	E:\wamp\www1\lib\wikirenderer\rules\wr3_to_xhtml.php	382
2009-08-14 12:55:10	[2]	preg_match() [<a href='function.preg-match'>function.preg-match</a>]: Unknown modifier '\'	E:\wamp\www1\lib\wikirenderer\rules\wr3_to_xhtml.php	382
2009-08-14 12:55:10	[2]	preg_match() [<a href='function.preg-match'>function.preg-match</a>]: Unknown modifier '\'	E:\wamp\www1\lib\wikirenderer\rules\wr3_to_xhtml.php	382
2009-08-14 12:55:10	[2]	preg_match() [<a href='function.preg-match'>function.preg-match</a>]: Unknown modifier '\'	E:\wamp\www1\lib\wikirenderer\rules\wr3_to_xhtml.php	382
2009-08-14 12:55:10	[2]	preg_match() [<a href='function.preg-match'>function.preg-match</a>]: Unknown modifier '\'	E:\wamp\www1\lib\wikirenderer\rules\wr3_to_xhtml.php	382
2009-08-14 12:55:10	[2]	preg_match() [<a href='function.preg-match'>function.preg-match</a>]: Unknown modifier '\'	E:\wamp\www1\lib\wikirenderer\rules\wr3_to_xhtml.php	382
2009-08-14 12:55:10	[2]	preg_match() [<a href='function.preg-match'>function.preg-match</a>]: Unknown modifier '\'	E:\wamp\www1\lib\wikirenderer\rules\wr3_to_xhtml.php	382
2009-08-14 12:55:10	[2]	preg_match() [<a href='function.preg-match'>function.preg-match</a>]: Unknown modifier '\'	E:\wamp\www1\lib\wikirenderer\rules\wr3_to_xhtml.php	382
2009-08-14 12:55:10	[2]	preg_match() [<a href='function.preg-match'>function.preg-match</a>]: Unknown modifier '\'	E:\wamp\www1\lib\wikirenderer\rules\wr3_to_xhtml.php	382
2009-08-14 12:55:10	[2]	preg_match() [<a href='function.preg-match'>function.preg-match</a>]: Unknown modifier '\'	E:\wamp\www1\lib\wikirenderer\rules\wr3_to_xhtml.php	382
2009-08-14 12:55:10	[2]	preg_match() [<a href='function.preg-match'>function.preg-match</a>]: Unknown modifier '\'	E:\wamp\www1\lib\wikirenderer\rules\wr3_to_xhtml.php	382
2009-08-14 12:55:10	[2]	preg_match() [<a href='function.preg-match'>function.preg-match</a>]: Unknown modifier '\'	E:\wamp\www1\lib\wikirenderer\rules\wr3_to_xhtml.php	382
2009-08-14 12:55:10	[2]	preg_match() [<a href='function.preg-match'>function.preg-match</a>]: Unknown modifier '\'	E:\wamp\www1\lib\wikirenderer\rules\wr3_to_xhtml.php	382
2009-08-14 12:55:10	[2]	preg_match() [<a href='function.preg-match'>function.preg-match</a>]: Unknown modifier '\'	E:\wamp\www1\lib\wikirenderer\rules\wr3_to_xhtml.php	382
2009-08-14 12:55:10	[2]	preg_match() [<a href='function.preg-match'>function.preg-match</a>]: Unknown modifier '\'	E:\wamp\www1\lib\wikirenderer\rules\wr3_to_xhtml.php	382
2009-08-14 12:55:10	[2]	preg_match() [<a href='function.preg-match'>function.preg-match</a>]: Unknown modifier '\'	E:\wamp\www1\lib\wikirenderer\rules\wr3_to_xhtml.php	382
2009-08-14 12:55:10	[2]	preg_match() [<a href='function.preg-match'>function.preg-match</a>]: Unknown modifier '\'	E:\wamp\www1\lib\wikirenderer\rules\wr3_to_xhtml.php	382
2009-08-14 12:55:50	[2]	preg_match() [<a href='function.preg-match'>function.preg-match</a>]: Unknown modifier '\'	E:\wamp\www1\lib\wikirenderer\rules\wr3_to_xhtml.php	382
2009-08-14 12:55:50	[2]	preg_match() [<a href='function.preg-match'>function.preg-match</a>]: Unknown modifier '\'	E:\wamp\www1\lib\wikirenderer\rules\wr3_to_xhtml.php	382
2009-08-14 12:55:50	[2]	preg_match() [<a href='function.preg-match'>function.preg-match</a>]: Unknown modifier '\'	E:\wamp\www1\lib\wikirenderer\rules\wr3_to_xhtml.php	382
2009-08-14 12:55:50	[2]	preg_match() [<a href='function.preg-match'>function.preg-match</a>]: Unknown modifier '\'	E:\wamp\www1\lib\wikirenderer\rules\wr3_to_xhtml.php	382
2009-08-14 12:55:50	[2]	preg_match() [<a href='function.preg-match'>function.preg-match</a>]: Unknown modifier '\'	E:\wamp\www1\lib\wikirenderer\rules\wr3_to_xhtml.php	382
2009-08-14 12:55:50	[2]	preg_match() [<a href='function.preg-match'>function.preg-match</a>]: Unknown modifier '\'	E:\wamp\www1\lib\wikirenderer\rules\wr3_to_xhtml.php	382
2009-08-14 12:55:50	[2]	preg_match() [<a href='function.preg-match'>function.preg-match</a>]: Unknown modifier '\'	E:\wamp\www1\lib\wikirenderer\rules\wr3_to_xhtml.php	382
2009-08-14 12:55:50	[2]	preg_match() [<a href='function.preg-match'>function.preg-match</a>]: Unknown modifier '\'	E:\wamp\www1\lib\wikirenderer\rules\wr3_to_xhtml.php	382
2009-08-14 12:55:50	[2]	preg_match() [<a href='function.preg-match'>function.preg-match</a>]: Unknown modifier '\'	E:\wamp\www1\lib\wikirenderer\rules\wr3_to_xhtml.php	382
2009-08-14 12:55:50	[2]	preg_match() [<a href='function.preg-match'>function.preg-match</a>]: Unknown modifier '\'	E:\wamp\www1\lib\wikirenderer\rules\wr3_to_xhtml.php	382
2009-08-14 12:55:50	[2]	preg_match() [<a href='function.preg-match'>function.preg-match</a>]: Unknown modifier '\'	E:\wamp\www1\lib\wikirenderer\rules\wr3_to_xhtml.php	382
2009-08-14 12:55:51	[2]	preg_match() [<a href='function.preg-match'>function.preg-match</a>]: Unknown modifier '\'	E:\wamp\www1\lib\wikirenderer\rules\wr3_to_xhtml.php	382
2009-08-14 12:55:51	[2]	preg_match() [<a href='function.preg-match'>function.preg-match</a>]: Unknown modifier '\'	E:\wamp\www1\lib\wikirenderer\rules\wr3_to_xhtml.php	382
2009-08-14 12:55:51	[2]	preg_match() [<a href='function.preg-match'>function.preg-match</a>]: Unknown modifier '\'	E:\wamp\www1\lib\wikirenderer\rules\wr3_to_xhtml.php	382
2009-08-14 12:55:51	[2]	preg_match() [<a href='function.preg-match'>function.preg-match</a>]: Unknown modifier '\'	E:\wamp\www1\lib\wikirenderer\rules\wr3_to_xhtml.php	382
2009-08-14 12:55:51	[2]	preg_match() [<a href='function.preg-match'>function.preg-match</a>]: Unknown modifier '\'	E:\wamp\www1\lib\wikirenderer\rules\wr3_to_xhtml.php	382
2009-08-14 12:55:51	[2]	preg_match() [<a href='function.preg-match'>function.preg-match</a>]: Unknown modifier '\'	E:\wamp\www1\lib\wikirenderer\rules\wr3_to_xhtml.php	382
2009-08-14 12:55:51	[2]	preg_match() [<a href='function.preg-match'>function.preg-match</a>]: Unknown modifier '\'	E:\wamp\www1\lib\wikirenderer\rules\wr3_to_xhtml.php	382
2009-08-14 12:56:01	[2]	preg_match() [<a href='function.preg-match'>function.preg-match</a>]: Unknown modifier '\'	E:\wamp\www1\lib\wikirenderer\rules\wr3_to_xhtml.php	382
2009-08-14 12:56:01	[2]	preg_match() [<a href='function.preg-match'>function.preg-match</a>]: Unknown modifier '\'	E:\wamp\www1\lib\wikirenderer\rules\wr3_to_xhtml.php	382
2009-08-14 12:56:01	[2]	preg_match() [<a href='function.preg-match'>function.preg-match</a>]: Unknown modifier '\'	E:\wamp\www1\lib\wikirenderer\rules\wr3_to_xhtml.php	382
2009-08-14 12:56:01	[2]	preg_match() [<a href='function.preg-match'>function.preg-match</a>]: Unknown modifier '\'	E:\wamp\www1\lib\wikirenderer\rules\wr3_to_xhtml.php	382
2009-08-14 12:56:01	[2]	preg_match() [<a href='function.preg-match'>function.preg-match</a>]: Unknown modifier '\'	E:\wamp\www1\lib\wikirenderer\rules\wr3_to_xhtml.php	382
2009-08-14 12:56:01	[2]	preg_match() [<a href='function.preg-match'>function.preg-match</a>]: Unknown modifier '\'	E:\wamp\www1\lib\wikirenderer\rules\wr3_to_xhtml.php	382
2009-08-14 12:56:01	[2]	preg_match() [<a href='function.preg-match'>function.preg-match</a>]: Unknown modifier '\'	E:\wamp\www1\lib\wikirenderer\rules\wr3_to_xhtml.php	382
2009-08-14 12:56:01	[2]	preg_match() [<a href='function.preg-match'>function.preg-match</a>]: Unknown modifier '\'	E:\wamp\www1\lib\wikirenderer\rules\wr3_to_xhtml.php	382
2009-08-14 12:56:01	[2]	preg_match() [<a href='function.preg-match'>function.preg-match</a>]: Unknown modifier '\'	E:\wamp\www1\lib\wikirenderer\rules\wr3_to_xhtml.php	382
2009-08-14 12:56:01	[2]	preg_match() [<a href='function.preg-match'>function.preg-match</a>]: Unknown modifier '\'	E:\wamp\www1\lib\wikirenderer\rules\wr3_to_xhtml.php	382
2009-08-14 12:56:01	[2]	preg_match() [<a href='function.preg-match'>function.preg-match</a>]: Unknown modifier '\'	E:\wamp\www1\lib\wikirenderer\rules\wr3_to_xhtml.php	382
2009-08-14 12:56:01	[2]	preg_match() [<a href='function.preg-match'>function.preg-match</a>]: Unknown modifier '\'	E:\wamp\www1\lib\wikirenderer\rules\wr3_to_xhtml.php	382
2009-08-14 12:56:01	[2]	preg_match() [<a href='function.preg-match'>function.preg-match</a>]: Unknown modifier '\'	E:\wamp\www1\lib\wikirenderer\rules\wr3_to_xhtml.php	382
2009-08-14 12:56:01	[2]	preg_match() [<a href='function.preg-match'>function.preg-match</a>]: Unknown modifier '\'	E:\wamp\www1\lib\wikirenderer\rules\wr3_to_xhtml.php	382
2009-08-14 12:56:01	[2]	preg_match() [<a href='function.preg-match'>function.preg-match</a>]: Unknown modifier '\'	E:\wamp\www1\lib\wikirenderer\rules\wr3_to_xhtml.php	382
2009-08-14 12:56:01	[2]	preg_match() [<a href='function.preg-match'>function.preg-match</a>]: Unknown modifier '\'	E:\wamp\www1\lib\wikirenderer\rules\wr3_to_xhtml.php	382
2009-08-14 12:56:01	[2]	preg_match() [<a href='function.preg-match'>function.preg-match</a>]: Unknown modifier '\'	E:\wamp\www1\lib\wikirenderer\rules\wr3_to_xhtml.php	382
2009-08-14 12:56:01	[2]	preg_match() [<a href='function.preg-match'>function.preg-match</a>]: Unknown modifier '\'	E:\wamp\www1\lib\wikirenderer\rules\wr3_to_xhtml.php	382
2009-08-14 12:58:37	[2]	preg_match() [<a href='function.preg-match'>function.preg-match</a>]: Unknown modifier '\'	E:\wamp\www1\lib\wikirenderer\rules\wr3_to_xhtml.php	382
2009-08-14 12:58:37	[2]	preg_match() [<a href='function.preg-match'>function.preg-match</a>]: Unknown modifier '\'	E:\wamp\www1\lib\wikirenderer\rules\wr3_to_xhtml.php	382
2009-08-14 12:58:37	[2]	preg_match() [<a href='function.preg-match'>function.preg-match</a>]: Unknown modifier '\'	E:\wamp\www1\lib\wikirenderer\rules\wr3_to_xhtml.php	382
2009-08-14 12:58:37	[2]	preg_match() [<a href='function.preg-match'>function.preg-match</a>]: Unknown modifier '\'	E:\wamp\www1\lib\wikirenderer\rules\wr3_to_xhtml.php	382
2009-08-14 12:58:37	[2]	preg_match() [<a href='function.preg-match'>function.preg-match</a>]: Unknown modifier '\'	E:\wamp\www1\lib\wikirenderer\rules\wr3_to_xhtml.php	382
2009-08-14 12:58:37	[2]	preg_match() [<a href='function.preg-match'>function.preg-match</a>]: Unknown modifier '\'	E:\wamp\www1\lib\wikirenderer\rules\wr3_to_xhtml.php	382
2009-08-14 12:58:37	[2]	preg_match() [<a href='function.preg-match'>function.preg-match</a>]: Unknown modifier '\'	E:\wamp\www1\lib\wikirenderer\rules\wr3_to_xhtml.php	382
2009-08-14 12:58:37	[2]	preg_match() [<a href='function.preg-match'>function.preg-match</a>]: Unknown modifier '\'	E:\wamp\www1\lib\wikirenderer\rules\wr3_to_xhtml.php	382
2009-08-14 12:58:37	[2]	preg_match() [<a href='function.preg-match'>function.preg-match</a>]: Unknown modifier '\'	E:\wamp\www1\lib\wikirenderer\rules\wr3_to_xhtml.php	382
2009-08-14 12:58:37	[2]	preg_match() [<a href='function.preg-match'>function.preg-match</a>]: Unknown modifier '\'	E:\wamp\www1\lib\wikirenderer\rules\wr3_to_xhtml.php	382
2009-08-14 12:58:37	[2]	preg_match() [<a href='function.preg-match'>function.preg-match</a>]: Unknown modifier '\'	E:\wamp\www1\lib\wikirenderer\rules\wr3_to_xhtml.php	382
2009-08-14 12:58:37	[2]	preg_match() [<a href='function.preg-match'>function.preg-match</a>]: Unknown modifier '\'	E:\wamp\www1\lib\wikirenderer\rules\wr3_to_xhtml.php	382
2009-08-14 12:58:37	[2]	preg_match() [<a href='function.preg-match'>function.preg-match</a>]: Unknown modifier '\'	E:\wamp\www1\lib\wikirenderer\rules\wr3_to_xhtml.php	382
2009-08-14 12:58:37	[2]	preg_match() [<a href='function.preg-match'>function.preg-match</a>]: Unknown modifier '\'	E:\wamp\www1\lib\wikirenderer\rules\wr3_to_xhtml.php	382
2009-08-14 12:58:37	[2]	preg_match() [<a href='function.preg-match'>function.preg-match</a>]: Unknown modifier '\'	E:\wamp\www1\lib\wikirenderer\rules\wr3_to_xhtml.php	382
2009-08-14 12:58:37	[2]	preg_match() [<a href='function.preg-match'>function.preg-match</a>]: Unknown modifier '\'	E:\wamp\www1\lib\wikirenderer\rules\wr3_to_xhtml.php	382
2009-08-14 12:58:37	[2]	preg_match() [<a href='function.preg-match'>function.preg-match</a>]: Unknown modifier '\'	E:\wamp\www1\lib\wikirenderer\rules\wr3_to_xhtml.php	382
2009-08-14 12:58:37	[2]	preg_match() [<a href='function.preg-match'>function.preg-match</a>]: Unknown modifier '\'	E:\wamp\www1\lib\wikirenderer\rules\wr3_to_xhtml.php	382
2009-08-14 12:58:47	[2]	preg_match() [<a href='function.preg-match'>function.preg-match</a>]: No ending delimiter '/' found	E:\wamp\www1\lib\wikirenderer\rules\wr3_to_xhtml.php	382
2009-08-14 12:58:47	[2]	preg_match() [<a href='function.preg-match'>function.preg-match</a>]: No ending delimiter '/' found	E:\wamp\www1\lib\wikirenderer\rules\wr3_to_xhtml.php	382
2009-08-14 12:58:47	[2]	preg_match() [<a href='function.preg-match'>function.preg-match</a>]: No ending delimiter '/' found	E:\wamp\www1\lib\wikirenderer\rules\wr3_to_xhtml.php	382
2009-08-14 12:58:47	[2]	preg_match() [<a href='function.preg-match'>function.preg-match</a>]: No ending delimiter '/' found	E:\wamp\www1\lib\wikirenderer\rules\wr3_to_xhtml.php	382
2009-08-14 12:58:47	[2]	preg_match() [<a href='function.preg-match'>function.preg-match</a>]: No ending delimiter '/' found	E:\wamp\www1\lib\wikirenderer\rules\wr3_to_xhtml.php	382
2009-08-14 12:58:47	[2]	preg_match() [<a href='function.preg-match'>function.preg-match</a>]: No ending delimiter '/' found	E:\wamp\www1\lib\wikirenderer\rules\wr3_to_xhtml.php	382
2009-08-14 12:58:47	[2]	preg_match() [<a href='function.preg-match'>function.preg-match</a>]: No ending delimiter '/' found	E:\wamp\www1\lib\wikirenderer\rules\wr3_to_xhtml.php	382
2009-08-14 12:58:47	[2]	preg_match() [<a href='function.preg-match'>function.preg-match</a>]: No ending delimiter '/' found	E:\wamp\www1\lib\wikirenderer\rules\wr3_to_xhtml.php	382
2009-08-14 12:58:47	[2]	preg_match() [<a href='function.preg-match'>function.preg-match</a>]: No ending delimiter '/' found	E:\wamp\www1\lib\wikirenderer\rules\wr3_to_xhtml.php	382
2009-08-14 12:58:47	[2]	preg_match() [<a href='function.preg-match'>function.preg-match</a>]: No ending delimiter '/' found	E:\wamp\www1\lib\wikirenderer\rules\wr3_to_xhtml.php	382
2009-08-14 12:58:47	[2]	preg_match() [<a href='function.preg-match'>function.preg-match</a>]: No ending delimiter '/' found	E:\wamp\www1\lib\wikirenderer\rules\wr3_to_xhtml.php	382
2009-08-14 12:58:47	[2]	preg_match() [<a href='function.preg-match'>function.preg-match</a>]: No ending delimiter '/' found	E:\wamp\www1\lib\wikirenderer\rules\wr3_to_xhtml.php	382
2009-08-14 12:58:47	[2]	preg_match() [<a href='function.preg-match'>function.preg-match</a>]: No ending delimiter '/' found	E:\wamp\www1\lib\wikirenderer\rules\wr3_to_xhtml.php	382
2009-08-14 12:58:47	[2]	preg_match() [<a href='function.preg-match'>function.preg-match</a>]: No ending delimiter '/' found	E:\wamp\www1\lib\wikirenderer\rules\wr3_to_xhtml.php	382
2009-08-14 12:58:47	[2]	preg_match() [<a href='function.preg-match'>function.preg-match</a>]: No ending delimiter '/' found	E:\wamp\www1\lib\wikirenderer\rules\wr3_to_xhtml.php	382
2009-08-14 12:58:47	[2]	preg_match() [<a href='function.preg-match'>function.preg-match</a>]: No ending delimiter '/' found	E:\wamp\www1\lib\wikirenderer\rules\wr3_to_xhtml.php	382
2009-08-14 12:58:47	[2]	preg_match() [<a href='function.preg-match'>function.preg-match</a>]: No ending delimiter '/' found	E:\wamp\www1\lib\wikirenderer\rules\wr3_to_xhtml.php	382
2009-08-14 12:58:47	[2]	preg_match() [<a href='function.preg-match'>function.preg-match</a>]: No ending delimiter '/' found	E:\wamp\www1\lib\wikirenderer\rules\wr3_to_xhtml.php	382
2009-08-14 13:02:33	[2]	preg_match() [<a href='function.preg-match'>function.preg-match</a>]: No ending delimiter '/' found	E:\wamp\www1\lib\wikirenderer\rules\wr3_to_xhtml.php	383
2009-08-14 13:02:33	[2]	preg_match() [<a href='function.preg-match'>function.preg-match</a>]: No ending delimiter '/' found	E:\wamp\www1\lib\wikirenderer\rules\wr3_to_xhtml.php	383
2009-08-14 13:02:33	[2]	preg_match() [<a href='function.preg-match'>function.preg-match</a>]: No ending delimiter '/' found	E:\wamp\www1\lib\wikirenderer\rules\wr3_to_xhtml.php	383
2009-08-14 13:02:33	[2]	preg_match() [<a href='function.preg-match'>function.preg-match</a>]: No ending delimiter '/' found	E:\wamp\www1\lib\wikirenderer\rules\wr3_to_xhtml.php	383
2009-08-14 13:02:44	[2]	preg_match() [<a href='function.preg-match'>function.preg-match</a>]: No ending delimiter '/' found	E:\wamp\www1\lib\wikirenderer\rules\wr3_to_xhtml.php	383
2009-08-14 13:02:44	[2]	preg_match() [<a href='function.preg-match'>function.preg-match</a>]: No ending delimiter '/' found	E:\wamp\www1\lib\wikirenderer\rules\wr3_to_xhtml.php	383
2009-08-14 13:02:44	[2]	preg_match() [<a href='function.preg-match'>function.preg-match</a>]: No ending delimiter '/' found	E:\wamp\www1\lib\wikirenderer\rules\wr3_to_xhtml.php	383
2009-08-14 13:02:44	[2]	preg_match() [<a href='function.preg-match'>function.preg-match</a>]: No ending delimiter '/' found	E:\wamp\www1\lib\wikirenderer\rules\wr3_to_xhtml.php	383
2009-08-14 13:02:44	[2]	preg_match() [<a href='function.preg-match'>function.preg-match</a>]: No ending delimiter '/' found	E:\wamp\www1\lib\wikirenderer\rules\wr3_to_xhtml.php	383
2009-08-14 13:02:44	[2]	preg_match() [<a href='function.preg-match'>function.preg-match</a>]: No ending delimiter '/' found	E:\wamp\www1\lib\wikirenderer\rules\wr3_to_xhtml.php	383
2009-08-14 13:02:44	[2]	preg_match() [<a href='function.preg-match'>function.preg-match</a>]: No ending delimiter '/' found	E:\wamp\www1\lib\wikirenderer\rules\wr3_to_xhtml.php	383
2009-08-14 13:02:44	[2]	preg_match() [<a href='function.preg-match'>function.preg-match</a>]: No ending delimiter '/' found	E:\wamp\www1\lib\wikirenderer\rules\wr3_to_xhtml.php	383
2009-08-14 13:02:44	[2]	preg_match() [<a href='function.preg-match'>function.preg-match</a>]: No ending delimiter '/' found	E:\wamp\www1\lib\wikirenderer\rules\wr3_to_xhtml.php	383
2009-08-14 13:02:44	[2]	preg_match() [<a href='function.preg-match'>function.preg-match</a>]: No ending delimiter '/' found	E:\wamp\www1\lib\wikirenderer\rules\wr3_to_xhtml.php	383
2009-08-14 13:02:44	[2]	preg_match() [<a href='function.preg-match'>function.preg-match</a>]: No ending delimiter '/' found	E:\wamp\www1\lib\wikirenderer\rules\wr3_to_xhtml.php	383
2009-08-14 13:02:44	[2]	preg_match() [<a href='function.preg-match'>function.preg-match</a>]: No ending delimiter '/' found	E:\wamp\www1\lib\wikirenderer\rules\wr3_to_xhtml.php	383
2009-08-14 13:02:44	[2]	preg_match() [<a href='function.preg-match'>function.preg-match</a>]: No ending delimiter '/' found	E:\wamp\www1\lib\wikirenderer\rules\wr3_to_xhtml.php	383
2009-08-14 13:02:44	[2]	preg_match() [<a href='function.preg-match'>function.preg-match</a>]: No ending delimiter '/' found	E:\wamp\www1\lib\wikirenderer\rules\wr3_to_xhtml.php	383
2009-08-14 13:02:44	[2]	preg_match() [<a href='function.preg-match'>function.preg-match</a>]: No ending delimiter '/' found	E:\wamp\www1\lib\wikirenderer\rules\wr3_to_xhtml.php	383
2009-08-14 13:02:44	[2]	preg_match() [<a href='function.preg-match'>function.preg-match</a>]: No ending delimiter '/' found	E:\wamp\www1\lib\wikirenderer\rules\wr3_to_xhtml.php	383
2009-08-14 13:02:44	[2]	preg_match() [<a href='function.preg-match'>function.preg-match</a>]: No ending delimiter '/' found	E:\wamp\www1\lib\wikirenderer\rules\wr3_to_xhtml.php	383
2009-08-14 13:02:44	[2]	preg_match() [<a href='function.preg-match'>function.preg-match</a>]: No ending delimiter '/' found	E:\wamp\www1\lib\wikirenderer\rules\wr3_to_xhtml.php	383
2009-08-14 13:03:03	[2]	preg_match() [<a href='function.preg-match'>function.preg-match</a>]: Unknown modifier '\'	E:\wamp\www1\lib\wikirenderer\rules\wr3_to_xhtml.php	382
2009-08-14 13:03:03	[2]	preg_match() [<a href='function.preg-match'>function.preg-match</a>]: Unknown modifier '\'	E:\wamp\www1\lib\wikirenderer\rules\wr3_to_xhtml.php	382
2009-08-14 13:03:03	[2]	preg_match() [<a href='function.preg-match'>function.preg-match</a>]: Unknown modifier '\'	E:\wamp\www1\lib\wikirenderer\rules\wr3_to_xhtml.php	382
2009-08-14 13:03:03	[2]	preg_match() [<a href='function.preg-match'>function.preg-match</a>]: Unknown modifier '\'	E:\wamp\www1\lib\wikirenderer\rules\wr3_to_xhtml.php	382
2009-08-14 13:03:03	[2]	preg_match() [<a href='function.preg-match'>function.preg-match</a>]: Unknown modifier '\'	E:\wamp\www1\lib\wikirenderer\rules\wr3_to_xhtml.php	382
2009-08-14 13:03:03	[2]	preg_match() [<a href='function.preg-match'>function.preg-match</a>]: Unknown modifier '\'	E:\wamp\www1\lib\wikirenderer\rules\wr3_to_xhtml.php	382
2009-08-14 13:03:03	[2]	preg_match() [<a href='function.preg-match'>function.preg-match</a>]: Unknown modifier '\'	E:\wamp\www1\lib\wikirenderer\rules\wr3_to_xhtml.php	382
2009-08-14 13:03:03	[2]	preg_match() [<a href='function.preg-match'>function.preg-match</a>]: Unknown modifier '\'	E:\wamp\www1\lib\wikirenderer\rules\wr3_to_xhtml.php	382
2009-08-14 13:03:03	[2]	preg_match() [<a href='function.preg-match'>function.preg-match</a>]: Unknown modifier '\'	E:\wamp\www1\lib\wikirenderer\rules\wr3_to_xhtml.php	382
2009-08-14 13:03:03	[2]	preg_match() [<a href='function.preg-match'>function.preg-match</a>]: Unknown modifier '\'	E:\wamp\www1\lib\wikirenderer\rules\wr3_to_xhtml.php	382
2009-08-14 13:03:03	[2]	preg_match() [<a href='function.preg-match'>function.preg-match</a>]: Unknown modifier '\'	E:\wamp\www1\lib\wikirenderer\rules\wr3_to_xhtml.php	382
2009-08-14 13:03:03	[2]	preg_match() [<a href='function.preg-match'>function.preg-match</a>]: Unknown modifier '\'	E:\wamp\www1\lib\wikirenderer\rules\wr3_to_xhtml.php	382
2009-08-14 13:03:03	[2]	preg_match() [<a href='function.preg-match'>function.preg-match</a>]: Unknown modifier '\'	E:\wamp\www1\lib\wikirenderer\rules\wr3_to_xhtml.php	382
2009-08-14 13:03:03	[2]	preg_match() [<a href='function.preg-match'>function.preg-match</a>]: Unknown modifier '\'	E:\wamp\www1\lib\wikirenderer\rules\wr3_to_xhtml.php	382
2009-08-14 13:03:03	[2]	preg_match() [<a href='function.preg-match'>function.preg-match</a>]: Unknown modifier '\'	E:\wamp\www1\lib\wikirenderer\rules\wr3_to_xhtml.php	382
2009-08-14 13:03:03	[2]	preg_match() [<a href='function.preg-match'>function.preg-match</a>]: Unknown modifier '\'	E:\wamp\www1\lib\wikirenderer\rules\wr3_to_xhtml.php	382
2009-08-14 13:03:03	[2]	preg_match() [<a href='function.preg-match'>function.preg-match</a>]: Unknown modifier '\'	E:\wamp\www1\lib\wikirenderer\rules\wr3_to_xhtml.php	382
2009-08-14 13:03:03	[2]	preg_match() [<a href='function.preg-match'>function.preg-match</a>]: Unknown modifier '\'	E:\wamp\www1\lib\wikirenderer\rules\wr3_to_xhtml.php	382
2009-08-14 13:03:19	[2]	preg_match() [<a href='function.preg-match'>function.preg-match</a>]: Unknown modifier '\'	E:\wamp\www1\lib\wikirenderer\rules\wr3_to_xhtml.php	382
2009-08-14 13:03:19	[2]	preg_match() [<a href='function.preg-match'>function.preg-match</a>]: Unknown modifier '\'	E:\wamp\www1\lib\wikirenderer\rules\wr3_to_xhtml.php	382
2009-08-14 13:03:19	[2]	preg_match() [<a href='function.preg-match'>function.preg-match</a>]: Unknown modifier '\'	E:\wamp\www1\lib\wikirenderer\rules\wr3_to_xhtml.php	382
2009-08-14 13:03:19	[2]	preg_match() [<a href='function.preg-match'>function.preg-match</a>]: Unknown modifier '\'	E:\wamp\www1\lib\wikirenderer\rules\wr3_to_xhtml.php	382
2009-08-14 13:03:19	[2]	preg_match() [<a href='function.preg-match'>function.preg-match</a>]: Unknown modifier '\'	E:\wamp\www1\lib\wikirenderer\rules\wr3_to_xhtml.php	382
2009-08-14 13:03:19	[2]	preg_match() [<a href='function.preg-match'>function.preg-match</a>]: Unknown modifier '\'	E:\wamp\www1\lib\wikirenderer\rules\wr3_to_xhtml.php	382
2009-08-14 13:03:19	[2]	preg_match() [<a href='function.preg-match'>function.preg-match</a>]: Unknown modifier '\'	E:\wamp\www1\lib\wikirenderer\rules\wr3_to_xhtml.php	382
2009-08-14 13:03:19	[2]	preg_match() [<a href='function.preg-match'>function.preg-match</a>]: Unknown modifier '\'	E:\wamp\www1\lib\wikirenderer\rules\wr3_to_xhtml.php	382
2009-08-14 13:03:19	[2]	preg_match() [<a href='function.preg-match'>function.preg-match</a>]: Unknown modifier '\'	E:\wamp\www1\lib\wikirenderer\rules\wr3_to_xhtml.php	382
2009-08-14 13:03:19	[2]	preg_match() [<a href='function.preg-match'>function.preg-match</a>]: Unknown modifier '\'	E:\wamp\www1\lib\wikirenderer\rules\wr3_to_xhtml.php	382
2009-08-14 13:03:19	[2]	preg_match() [<a href='function.preg-match'>function.preg-match</a>]: Unknown modifier '\'	E:\wamp\www1\lib\wikirenderer\rules\wr3_to_xhtml.php	382
2009-08-14 13:03:19	[2]	preg_match() [<a href='function.preg-match'>function.preg-match</a>]: Unknown modifier '\'	E:\wamp\www1\lib\wikirenderer\rules\wr3_to_xhtml.php	382
2009-08-14 13:03:19	[2]	preg_match() [<a href='function.preg-match'>function.preg-match</a>]: Unknown modifier '\'	E:\wamp\www1\lib\wikirenderer\rules\wr3_to_xhtml.php	382
2009-08-14 13:03:19	[2]	preg_match() [<a href='function.preg-match'>function.preg-match</a>]: Unknown modifier '\'	E:\wamp\www1\lib\wikirenderer\rules\wr3_to_xhtml.php	382
2009-08-14 13:03:19	[2]	preg_match() [<a href='function.preg-match'>function.preg-match</a>]: Unknown modifier '\'	E:\wamp\www1\lib\wikirenderer\rules\wr3_to_xhtml.php	382
2009-08-14 13:03:19	[2]	preg_match() [<a href='function.preg-match'>function.preg-match</a>]: Unknown modifier '\'	E:\wamp\www1\lib\wikirenderer\rules\wr3_to_xhtml.php	382
2009-08-14 13:03:19	[2]	preg_match() [<a href='function.preg-match'>function.preg-match</a>]: Unknown modifier '\'	E:\wamp\www1\lib\wikirenderer\rules\wr3_to_xhtml.php	382
2009-08-14 13:03:19	[2]	preg_match() [<a href='function.preg-match'>function.preg-match</a>]: Unknown modifier '\'	E:\wamp\www1\lib\wikirenderer\rules\wr3_to_xhtml.php	382
2009-08-14 13:06:27	[2]	preg_match() [<a href='function.preg-match'>function.preg-match</a>]: Unknown modifier '\'	E:\wamp\www1\lib\wikirenderer\rules\wr3_to_xhtml.php	384
2009-08-14 13:06:27	[2]	preg_match() [<a href='function.preg-match'>function.preg-match</a>]: Unknown modifier '\'	E:\wamp\www1\lib\wikirenderer\rules\wr3_to_xhtml.php	384
2009-08-14 13:06:27	[2]	preg_match() [<a href='function.preg-match'>function.preg-match</a>]: Unknown modifier '\'	E:\wamp\www1\lib\wikirenderer\rules\wr3_to_xhtml.php	384
2009-08-14 13:06:48	[2]	preg_match() [<a href='function.preg-match'>function.preg-match</a>]: Unknown modifier '\'	E:\wamp\www1\lib\wikirenderer\rules\wr3_to_xhtml.php	384
2009-08-14 13:06:48	[2]	preg_match() [<a href='function.preg-match'>function.preg-match</a>]: Unknown modifier '\'	E:\wamp\www1\lib\wikirenderer\rules\wr3_to_xhtml.php	384
2009-08-14 13:06:48	[2]	preg_match() [<a href='function.preg-match'>function.preg-match</a>]: Unknown modifier '\'	E:\wamp\www1\lib\wikirenderer\rules\wr3_to_xhtml.php	384
2009-08-14 13:07:06	[2]	preg_match() [<a href='function.preg-match'>function.preg-match</a>]: Unknown modifier '\'	E:\wamp\www1\lib\wikirenderer\rules\wr3_to_xhtml.php	384
2009-08-14 13:07:06	[2]	preg_match() [<a href='function.preg-match'>function.preg-match</a>]: Unknown modifier '\'	E:\wamp\www1\lib\wikirenderer\rules\wr3_to_xhtml.php	384
2009-08-14 13:07:06	[2]	preg_match() [<a href='function.preg-match'>function.preg-match</a>]: Unknown modifier '\'	E:\wamp\www1\lib\wikirenderer\rules\wr3_to_xhtml.php	384
2009-08-15 00:22:16	[403]	Erreur dans la requête (Table 'hfnu.hf_bans' doesn't exist(DELETE FROM `hf_bans`  WHERE  `ban_expire` <'1250288535' AND `ban_expire` <> '0'))	D:\DOCUMENT_ROOT\www_havefnubb\lib\jelix\plugins\db\mysql\mysql.dbconnection.php	127
2009-08-15 00:22:19	[403]	Erreur dans la requête (Table 'hfnu.hf_bans' doesn't exist(DELETE FROM `hf_bans`  WHERE  `ban_expire` <'1250288539' AND `ban_expire` <> '0'))	D:\DOCUMENT_ROOT\www_havefnubb\lib\jelix\plugins\db\mysql\mysql.dbconnection.php	127
2009-08-15 00:22:19	[403]	Erreur dans la requête (Table 'hfnu.hf_bans' doesn't exist(DELETE FROM `hf_bans`  WHERE  `ban_expire` <'1250288539' AND `ban_expire` <> '0'))	D:\DOCUMENT_ROOT\www_havefnubb\lib\jelix\plugins\db\mysql\mysql.dbconnection.php	127
2009-08-15 00:22:21	[403]	Erreur dans la requête (Table 'hfnu.hf_bans' doesn't exist(DELETE FROM `hf_bans`  WHERE  `ban_expire` <'1250288541' AND `ban_expire` <> '0'))	D:\DOCUMENT_ROOT\www_havefnubb\lib\jelix\plugins\db\mysql\mysql.dbconnection.php	127
2009-08-15 00:22:22	[403]	Erreur dans la requête (Table 'hfnu.hf_bans' doesn't exist(DELETE FROM `hf_bans`  WHERE  `ban_expire` <'1250288542' AND `ban_expire` <> '0'))	D:\DOCUMENT_ROOT\www_havefnubb\lib\jelix\plugins\db\mysql\mysql.dbconnection.php	127
2009-08-15 00:22:22	[403]	Erreur dans la requête (Table 'hfnu.hf_bans' doesn't exist(DELETE FROM `hf_bans`  WHERE  `ban_expire` <'1250288542' AND `ban_expire` <> '0'))	D:\DOCUMENT_ROOT\www_havefnubb\lib\jelix\plugins\db\mysql\mysql.dbconnection.php	127
2009-08-15 16:56:08	[11]	Le sélecteur "hfnusearch~hfnuquicksearch"  ne désigne pas une ressource de type zone	D:\DOCUMENT_ROOT\www_havefnubb\lib\jelix\core\selector\jSelectorModule.class.php	90
2009-08-15 17:00:24	[11]	Le sélecteur "hfnusearch~hfnuquicksearch"  ne désigne pas une ressource de type zone	D:\DOCUMENT_ROOT\www_havefnubb\lib\jelix\core\selector\jSelectorModule.class.php	90
2009-08-15 17:08:17	[11]	Le sélecteur "hfnusearch~hfnuquicksearch"  ne désigne pas une ressource de type zone	D:\DOCUMENT_ROOT\www_havefnubb\lib\jelix\core\selector\jSelectorModule.class.php	90
2009-08-15 17:08:22	[11]	Le sélecteur "hfnusearch~hfnuquicksearch"  ne désigne pas une ressource de type zone	D:\DOCUMENT_ROOT\www_havefnubb\lib\jelix\core\selector\jSelectorModule.class.php	90
2009-08-15 17:13:05	[2]	rename(D:\DOCUMENT_ROOT\www_havefnubb\temp\havefnubb\compiled\templates\themes\fluid\havefnubb\wrt94B.tmp,D:\DOCUMENT_ROOT\www_havefnubb\temp\havefnubb\compiled/templates/themes/fluid/havefnubb/main_html_t.php) [<a href='function.rename'>function.rename</a>]: No such file or directory	D:\DOCUMENT_ROOT\www_havefnubb\lib\jelix\utils\jFile.class.php	76
2009-08-15 17:13:05	[2]	require(D:\DOCUMENT_ROOT\www_havefnubb\temp\havefnubb\compiled\templates\themes\fluid\havefnubb\main_html_t.php) [<a href='function.require'>function.require</a>]: failed to open stream: Permission denied	D:\DOCUMENT_ROOT\www_havefnubb\lib\jelix\core\jIncluder.class.php	107
2009-08-15 22:59:19	[0]	(200)The given locale key "hfnupoll~poll.poll" is invalid (for charset UTF-8, lang fr_FR)	D:\DOCUMENT_ROOT\www_havefnubb\lib\jelix\core\jLocale.class.php	70
2009-08-15 23:01:02	[0]	(210)The given locale key "hfnupoll~poll.poll" does not exists in the default lang for the UTF-8 charset	D:\DOCUMENT_ROOT\www_havefnubb\lib\jelix\core\jLocale.class.php	86
2009-08-15 23:16:44	[0]	(210)The given locale key "hfnupoll~poll.config" does not exists in the default lang for the UTF-8 charset	D:\DOCUMENT_ROOT\www_havefnubb\lib\jelix\core\jLocale.class.php	86
2009-08-16 01:00:00	[12]	Module inconnu dans le sélecteur "master_admin~default:index@classic"	D:\DOCUMENT_ROOT\www_havefnubb\lib\jelix\core\selector\jSelectorActFast.class.php	48
2009-08-16 21:15:02	[11]	Le sélecteur "hfnupoll~poll"  ne désigne pas une ressource de type form	D:\DOCUMENT_ROOT\www_havefnubb\lib\jelix\core\selector\jSelectorForm.class.php	56
2009-08-16 21:33:47	[305]	Dans le template D:\DOCUMENT_ROOT\www_havefnubb\modules/hfnupoll/templates/poll.tpl, la fin d'un bloc  est manquant	D:\DOCUMENT_ROOT\www_havefnubb\lib\jelix\tpl\jTplCompiler.class.php	522
2009-08-16 21:39:39	[2]	rename(D:\DOCUMENT_ROOT\www_havefnubb\temp\havefnubb\compiled\locales\modules\wrt464.tmp,D:\DOCUMENT_ROOT\www_havefnubb\temp\havefnubb\compiled/locales/modules/jacl2db_admin~acl2.fr_FR.UTF-8.php) [<a href='function.rename'>function.rename</a>]: No such file or directory	D:\DOCUMENT_ROOT\www_havefnubb\lib\jelix\utils\jFile.class.php	76
2009-08-16 21:39:39	[2]	rename(D:\DOCUMENT_ROOT\www_havefnubb\temp\havefnubb\compiled\locales\modules\wrt465.tmp,D:\DOCUMENT_ROOT\www_havefnubb\temp\havefnubb\compiled/locales/modules/jauthdb_admin~auth.fr_FR.UTF-8.php) [<a href='function.rename'>function.rename</a>]: No such file or directory	D:\DOCUMENT_ROOT\www_havefnubb\lib\jelix\utils\jFile.class.php	76
2009-08-16 21:47:11	[2]	Invalid argument supplied for foreach()	D:\DOCUMENT_ROOT\www_havefnubb\temp\havefnubb\compiled\templates\modules\hfnupoll\poll_html_t.php	9
2009-08-16 21:50:33	[305]	Dans le template D:\DOCUMENT_ROOT\www_havefnubb\modules/hfnupoll/templates/poll.tpl, la fin d'un bloc ifacl2 est manquant	D:\DOCUMENT_ROOT\www_havefnubb\lib\jelix\tpl\jTplCompiler.class.php	522
2009-08-16 21:52:30	[2]	Invalid argument supplied for foreach()	D:\DOCUMENT_ROOT\www_havefnubb\temp\havefnubb\compiled\templates\modules\hfnupoll\poll_html_t.php	10
2009-08-16 21:52:41	[2]	Invalid argument supplied for foreach()	D:\DOCUMENT_ROOT\www_havefnubb\temp\havefnubb\compiled\templates\modules\hfnupoll\poll_html_t.php	10
2009-08-16 21:53:55	[2]	Invalid argument supplied for foreach()	D:\DOCUMENT_ROOT\www_havefnubb\temp\havefnubb\compiled\templates\modules\hfnupoll\poll_html_t.php	10
2009-08-16 21:55:51	[2]	Invalid argument supplied for foreach()	D:\DOCUMENT_ROOT\www_havefnubb\temp\havefnubb\compiled\templates\modules\hfnupoll\poll_html_t.php	10
2009-08-16 21:57:02	[2]	Invalid argument supplied for foreach()	D:\DOCUMENT_ROOT\www_havefnubb\temp\havefnubb\compiled\templates\modules\hfnupoll\poll_html_t.php	11
2009-08-16 21:58:00	[2]	Invalid argument supplied for foreach()	D:\DOCUMENT_ROOT\www_havefnubb\temp\havefnubb\compiled\templates\modules\hfnupoll\poll_html_t.php	13
2009-08-16 21:58:23	[2]	Invalid argument supplied for foreach()	D:\DOCUMENT_ROOT\www_havefnubb\temp\havefnubb\compiled\templates\modules\hfnupoll\poll_html_t.php	13
2009-08-16 21:58:41	[2]	rename(D:\DOCUMENT_ROOT\www_havefnubb\temp\havefnubb\compiled\templates\modules\master_admin\wrt72A.tmp,D:\DOCUMENT_ROOT\www_havefnubb\temp\havefnubb\compiled/templates/modules/master_admin/zone_admin_menu_html_t.php) [<a href='function.rename'>function.rename</a>]: No such file or directory	D:\DOCUMENT_ROOT\www_havefnubb\lib\jelix\utils\jFile.class.php	76
2009-08-16 21:58:41	[2]	require(D:\DOCUMENT_ROOT\www_havefnubb\temp\havefnubb\compiled\templates\modules\master_admin\zone_admin_menu_html_t.php) [<a href='function.require'>function.require</a>]: failed to open stream: Permission denied	D:\DOCUMENT_ROOT\www_havefnubb\lib\jelix\core\jIncluder.class.php	107
2009-08-16 22:00:10	[0]	(200)The given locale key "hfnupoll~category.cat_order" is invalid (for charset UTF-8, lang fr_FR)	D:\DOCUMENT_ROOT\www_havefnubb\lib\jelix\core\jLocale.class.php	70
2009-08-16 22:00:24	[0]	(200)The given locale key "hfnupoll~category.cat_order" is invalid (for charset UTF-8, lang fr_FR)	D:\DOCUMENT_ROOT\www_havefnubb\lib\jelix\core\jLocale.class.php	70
2009-08-16 22:02:24	[0]	(210)The given locale key "hfnupoll~poll.actions" does not exists in the default lang for the UTF-8 charset	D:\DOCUMENT_ROOT\www_havefnubb\lib\jelix\core\jLocale.class.php	86
2009-08-16 22:05:14	[2]	rename(D:\DOCUMENT_ROOT\www_havefnubb\temp\havefnubb\compiled\daos\modules\wrt88D.tmp,D:\DOCUMENT_ROOT\www_havefnubb\temp\havefnubb\compiled/daos/modules/havefnubb~timeout~mysql.php) [<a href='function.rename'>function.rename</a>]: No such file or directory	D:\DOCUMENT_ROOT\www_havefnubb\lib\jelix\utils\jFile.class.php	76
2009-08-16 22:05:14	[2]	require(D:\DOCUMENT_ROOT\www_havefnubb\temp\havefnubb\compiled\daos\modules\havefnubb~timeout~mysql.php) [<a href='function.require'>function.require</a>]: failed to open stream: Permission denied	D:\DOCUMENT_ROOT\www_havefnubb\lib\jelix\core\jIncluder.class.php	107
2009-08-16 22:05:16	[2]	rename(D:\DOCUMENT_ROOT\www_havefnubb\temp\havefnubb\compiled\locales\modules\wrt897.tmp,D:\DOCUMENT_ROOT\www_havefnubb\temp\havefnubb\compiled/locales/modules/hfnupoll~poll.fr_FR.UTF-8.php) [<a href='function.rename'>function.rename</a>]: No such file or directory	D:\DOCUMENT_ROOT\www_havefnubb\lib\jelix\utils\jFile.class.php	76
2009-08-16 22:05:25	[0]	(210)The given locale key "hfnupoll~poll.create.a.poll" does not exists in the default lang for the UTF-8 charset	D:\DOCUMENT_ROOT\www_havefnubb\lib\jelix\core\jLocale.class.php	86
2009-08-16 22:06:52	[2]	rename(D:\DOCUMENT_ROOT\www_havefnubb\temp\havefnubb\compiled\daos\modules\wrt92F.tmp,D:\DOCUMENT_ROOT\www_havefnubb\temp\havefnubb\compiled/daos/modules/havefnubb~timeout~mysql.php) [<a href='function.rename'>function.rename</a>]: No such file or directory	D:\DOCUMENT_ROOT\www_havefnubb\lib\jelix\utils\jFile.class.php	76
2009-08-16 22:06:52	[2]	require(D:\DOCUMENT_ROOT\www_havefnubb\temp\havefnubb\compiled\daos\modules\havefnubb~timeout~mysql.php) [<a href='function.require'>function.require</a>]: failed to open stream: Permission denied	D:\DOCUMENT_ROOT\www_havefnubb\lib\jelix\core\jIncluder.class.php	107
2009-08-16 22:06:54	[2]	rename(D:\DOCUMENT_ROOT\www_havefnubb\temp\havefnubb\compiled\locales\modules\wrt93D.tmp,D:\DOCUMENT_ROOT\www_havefnubb\temp\havefnubb\compiled/locales/modules/jacl2db_admin~acl2.fr_FR.UTF-8.php) [<a href='function.rename'>function.rename</a>]: No such file or directory	D:\DOCUMENT_ROOT\www_havefnubb\lib\jelix\utils\jFile.class.php	76
2009-08-16 22:06:54	[2]	rename(D:\DOCUMENT_ROOT\www_havefnubb\temp\havefnubb\compiled\templates\modules\master_admin\wrt943.tmp,D:\DOCUMENT_ROOT\www_havefnubb\temp\havefnubb\compiled/templates/modules/master_admin/zone_admin_infobox_html_t.php) [<a href='function.rename'>function.rename</a>]: No such file or directory	D:\DOCUMENT_ROOT\www_havefnubb\lib\jelix\utils\jFile.class.php	76
2009-08-16 22:06:54	[2]	require(D:\DOCUMENT_ROOT\www_havefnubb\temp\havefnubb\compiled\templates\modules\master_admin\zone_admin_infobox_html_t.php) [<a href='function.require'>function.require</a>]: failed to open stream: Permission denied	D:\DOCUMENT_ROOT\www_havefnubb\lib\jelix\core\jIncluder.class.php	107
2009-08-16 22:09:42	[803]	 attribut type non permis sur hidden (fichier D:\DOCUMENT_ROOT\www_havefnubb\modules/hfnupoll/forms/poll.form.xml)	D:\DOCUMENT_ROOT\www_havefnubb\lib\jelix\forms\jFormsCompiler_jf_1_0.class.php	86
2009-08-16 22:09:58	[2]	rename(D:\DOCUMENT_ROOT\www_havefnubb\temp\havefnubb\compiled\daos\overloaded\wrt99A.tmp,D:\DOCUMENT_ROOT\www_havefnubb\temp\havefnubb\compiled/daos/overloaded/jcommunity~user~mysql.php) [<a href='function.rename'>function.rename</a>]: No such file or directory	D:\DOCUMENT_ROOT\www_havefnubb\lib\jelix\utils\jFile.class.php	76
2009-08-16 22:09:58	[2]	require(D:\DOCUMENT_ROOT\www_havefnubb\temp\havefnubb\compiled\daos\overloaded\jcommunity~user~mysql.php) [<a href='function.require'>function.require</a>]: failed to open stream: Permission denied	D:\DOCUMENT_ROOT\www_havefnubb\lib\jelix\core\jIncluder.class.php	107
2009-08-16 22:09:59	[2]	rename(D:\DOCUMENT_ROOT\www_havefnubb\temp\havefnubb\compiled\locales\modules\wrt99F.tmp,D:\DOCUMENT_ROOT\www_havefnubb\temp\havefnubb\compiled/locales/modules/hfnuadmin~ban.fr_FR.UTF-8.php) [<a href='function.rename'>function.rename</a>]: No such file or directory	D:\DOCUMENT_ROOT\www_havefnubb\lib\jelix\utils\jFile.class.php	76
2009-08-16 22:09:59	[2]	rename(D:\DOCUMENT_ROOT\www_havefnubb\temp\havefnubb\compiled\locales\modules\wrt9A6.tmp,D:\DOCUMENT_ROOT\www_havefnubb\temp\havefnubb\compiled/locales/modules/jelix~formserr.fr_FR.UTF-8.php) [<a href='function.rename'>function.rename</a>]: No such file or directory	D:\DOCUMENT_ROOT\www_havefnubb\lib\jelix\utils\jFile.class.php	76
2009-08-16 22:11:44	[11]	Le sélecteur "hfnupoll~poll"  ne désigne pas une ressource de type form	D:\DOCUMENT_ROOT\www_havefnubb\lib\jelix\core\selector\jSelectorForm.class.php	56
2009-08-16 22:12:13	[0]	(200)The given locale key "hfnupoll.poll.add.a.question" is invalid (for charset UTF-8, lang fr_FR)	D:\DOCUMENT_ROOT\www_havefnubb\lib\jelix\core\jLocale.class.php	70
2009-08-16 22:18:34	[0]	(200)The given locale key "hfnupoll.poll.saveBt" is invalid (for charset UTF-8, lang fr_FR)	D:\DOCUMENT_ROOT\www_havefnubb\lib\jelix\core\jLocale.class.php	70
2009-08-16 22:18:54	[2]	rename(D:\DOCUMENT_ROOT\www_havefnubb\temp\havefnubb\compiled\locales\modules\wrtAA7.tmp,D:\DOCUMENT_ROOT\www_havefnubb\temp\havefnubb\compiled/locales/modules/jelix~db.fr_FR.UTF-8.php) [<a href='function.rename'>function.rename</a>]: No such file or directory	D:\DOCUMENT_ROOT\www_havefnubb\lib\jelix\utils\jFile.class.php	76
2009-08-16 22:25:07	[1]	(403)Erreur dans la requête (Column 'id_poll' cannot be null(INSERT INTO `poll` (
`id_poll`,`question`,`date_created`,`status`
) VALUES (
NULL, 'cacatoesse', 1250454307, 1
)))	D:\DOCUMENT_ROOT\www_havefnubb\lib\jelix\plugins\db\mysql\mysql.dbconnection.php	127
2009-08-16 22:35:10	[132]	Réponse non spécifiée (action hfnupoll~admin:edit@classic)	D:\DOCUMENT_ROOT\www_havefnubb\lib\jelix\core\jCoordinator.class.php	194
2009-08-16 22:35:12	[132]	Réponse non spécifiée (action hfnupoll~admin:edit@classic)	D:\DOCUMENT_ROOT\www_havefnubb\lib\jelix\core\jCoordinator.class.php	194
2009-08-17 09:08:35	[403]	Erreur dans la requête (Table 'hfnu.bans' doesn't exist(DELETE FROM `bans`  WHERE  `ban_expire` <'1250492915' AND `ban_expire` <> '0'))	E:\wamp\www1\lib\jelix\plugins\db\mysql\mysql.dbconnection.php	127
2009-08-17 09:08:39	[403]	Erreur dans la requête (Table 'hfnu.bans' doesn't exist(DELETE FROM `bans`  WHERE  `ban_expire` <'1250492919' AND `ban_expire` <> '0'))	E:\wamp\www1\lib\jelix\plugins\db\mysql\mysql.dbconnection.php	127
2009-08-17 09:08:41	[403]	Erreur dans la requête (Table 'hfnu.bans' doesn't exist(DELETE FROM `bans`  WHERE  `ban_expire` <'1250492921' AND `ban_expire` <> '0'))	E:\wamp\www1\lib\jelix\plugins\db\mysql\mysql.dbconnection.php	127
2009-08-17 10:16:43	[835]	 Le token du formulaire n'est pas valide, vous devez remplir le formulaire correctement à partir du site.	E:\wamp\www1\lib\jelix\forms\jFormsBase.class.php	142
2009-08-17 10:16:46	[835]	 Le token du formulaire n'est pas valide, vous devez remplir le formulaire correctement à partir du site.	E:\wamp\www1\lib\jelix\forms\jFormsBase.class.php	142
2009-08-17 10:16:49	[835]	 Le token du formulaire n'est pas valide, vous devez remplir le formulaire correctement à partir du site.	E:\wamp\www1\lib\jelix\forms\jFormsBase.class.php	142
2009-08-17 10:16:55	[835]	 Le token du formulaire n'est pas valide, vous devez remplir le formulaire correctement à partir du site.	E:\wamp\www1\lib\jelix\forms\jFormsBase.class.php	142
2009-08-17 10:24:17	[403]	Erreur dans la requête (Table 'hfnu.hf_poll_answer' doesn't exist(SELECT `poll`.`id_poll`, `poll`.`question`, `poll`.`date_created`, `poll`.`status` FROM `hf_poll` AS `poll`, `hf_poll_answer` AS `poll_answer` WHERE  `poll`.`id_poll`=`poll_answer`.`id_answer`))	E:\wamp\www1\lib\jelix\plugins\db\mysql\mysql.dbconnection.php	116
2009-08-17 12:56:19	[305]	Dans le template E:\wamp\www1\havefnubb\modules/hfnupoll/templates/poll.tpl, la fin d'un bloc form est manquant	E:\wamp\www1\lib\jelix\tpl\jTplCompiler.class.php	522
2009-08-17 12:57:18	[305]	Dans le template E:\wamp\www1\havefnubb\modules/hfnupoll/templates/poll.tpl, la fin d'un bloc form est manquant	E:\wamp\www1\lib\jelix\tpl\jTplCompiler.class.php	522
2009-08-17 13:00:47	[305]	Dans le template E:\wamp\www1\havefnubb\modules/hfnupoll/templates/poll.tpl, la fin d'un bloc  est manquant	E:\wamp\www1\lib\jelix\tpl\jTplCompiler.class.php	522
2009-08-17 13:01:00	[830]	 Le contrôle "question[$i]" n'existe pas dans le formulaire "hfnupoll~poll_edit" (template "hfnupoll~poll")	E:\wamp\www1\lib\jelix\plugins\tpl\html\function.ctrl_control.php	31
2009-08-17 13:07:14	[305]	Dans le template E:\wamp\www1\havefnubb\modules/hfnupoll/templates/poll.tpl, la fin d'un bloc formcontrols est manquant	E:\wamp\www1\lib\jelix\tpl\jTplCompiler.class.php	522
2009-08-17 13:12:20	[305]	Dans le template E:\wamp\www1\havefnubb\modules/hfnupoll/templates/poll.tpl, la fin d'un bloc form est manquant	E:\wamp\www1\lib\jelix\tpl\jTplCompiler.class.php	522
2009-08-17 13:22:38	[310]	Dans le tag zone 'hfnupoll~answers',array('id_post'=>$poll->id_poll du template E:\wamp\www1\havefnubb\modules/hfnupoll/templates/poll.tpl, il y a des erreurs au niveau des parenthèses	E:\wamp\www1\lib\jelix\tpl\jTplCompiler.class.php	522
2009-08-17 13:23:23	[305]	Dans le template E:\wamp\www1\havefnubb\modules/hfnupoll/templates/zone.answers.tpl, la fin d'un bloc foreach est manquant	E:\wamp\www1\lib\jelix\tpl\jTplCompiler.class.php	522
2009-08-17 13:23:38	[2]	Invalid argument supplied for foreach()	E:\wamp\www1\temp\havefnubb\compiled\templates\modules\hfnupoll\zone.answers_html_t.php	6
2009-08-17 13:23:38	[2]	Invalid argument supplied for foreach()	E:\wamp\www1\temp\havefnubb\compiled\templates\modules\hfnupoll\zone.answers_html_t.php	6
2009-08-17 13:23:49	[2]	Invalid argument supplied for foreach()	E:\wamp\www1\temp\havefnubb\compiled\templates\modules\hfnupoll\zone.answers_html_t.php	6
2009-08-17 13:23:49	[2]	Invalid argument supplied for foreach()	E:\wamp\www1\temp\havefnubb\compiled\templates\modules\hfnupoll\zone.answers_html_t.php	6
2009-08-17 13:24:23	[2]	Invalid argument supplied for foreach()	E:\wamp\www1\temp\havefnubb\compiled\templates\modules\hfnupoll\zone.answers_html_t.php	6
2009-08-17 13:24:23	[2]	Invalid argument supplied for foreach()	E:\wamp\www1\temp\havefnubb\compiled\templates\modules\hfnupoll\zone.answers_html_t.php	6
2009-08-17 13:29:17	[0]	(200)The given locale key "hfnupoll.poll.process.description" is invalid (for charset UTF-8, lang fr_FR)	E:\wamp\www1\lib\jelix\core\jLocale.class.php	70
2009-08-17 13:29:34	[0]	(200)The given locale key "hfnupoll.poll.process.description" is invalid (for charset UTF-8, lang fr_FR)	E:\wamp\www1\lib\jelix\core\jLocale.class.php	70
2009-08-17 13:29:39	[0]	(200)The given locale key "hfnupoll.poll.process.description" is invalid (for charset UTF-8, lang fr_FR)	E:\wamp\www1\lib\jelix\core\jLocale.class.php	70
2009-08-17 13:29:44	[0]	(200)The given locale key "hfnupoll.poll.process.description" is invalid (for charset UTF-8, lang fr_FR)	E:\wamp\www1\lib\jelix\core\jLocale.class.php	70
2009-08-17 13:30:00	[0]	(210)The given locale key "hfnupoll~poll.process.description" does not exists in the default lang for the UTF-8 charset	E:\wamp\www1\lib\jelix\core\jLocale.class.php	86
2009-08-17 13:31:02	[0]	(210)The given locale key "hfnupoll~poll.process.description" does not exists in the default lang for the UTF-8 charset	E:\wamp\www1\lib\jelix\core\jLocale.class.php	86
2009-08-17 13:33:53	[0]	(200)The given locale key "no.answer.defined.begin" is invalid (for charset UTF-8, lang fr_FR)	E:\wamp\www1\lib\jelix\core\jLocale.class.php	70
2009-08-17 14:02:54	[310]	Dans le tag if $count) == 0 du template E:\wamp\www1\havefnubb\modules/hfnupoll/templates/zone.answers.tpl, il y a des erreurs au niveau des parenthèses	E:\wamp\www1\lib\jelix\tpl\jTplCompiler.class.php	522
2009-08-17 14:03:15	[11]	Le sélecteur "hfnupoll~ans_wizard1"  ne désigne pas une ressource de type dao	E:\wamp\www1\lib\jelix\core\selector\jSelectorDao.class.php	60
2009-08-17 14:03:41	[12]	Module inconnu dans le sélecteur "form:hnfupoll~ans_wizard1"	E:\wamp\www1\lib\jelix\core\selector\jSelectorForm.class.php	43
2009-08-17 14:04:12	[11]	Le sélecteur "hfnupoll~poll_answers1"  ne désigne pas une ressource de type template	E:\wamp\www1\lib\jelix\core\selector\jSelectorTpl.class.php	101
2009-08-17 14:14:16	[803]	 attribut min non permis sur input (fichier E:\wamp\www1\havefnubb\modules/hfnupoll/forms/ans_wizard1.form.xml)	E:\wamp\www1\lib\jelix\forms\jFormsCompiler_jf_1_0.class.php	86
2009-08-17 14:14:17	[803]	 attribut min non permis sur input (fichier E:\wamp\www1\havefnubb\modules/hfnupoll/forms/ans_wizard1.form.xml)	E:\wamp\www1\lib\jelix\forms\jFormsCompiler_jf_1_0.class.php	86
2009-08-17 14:14:25	[2]	DOMDocument::load() [<a href='domdocument.load'>domdocument.load</a>]: Opening and ending tag mismatch: number line 6 and input in file:///E:/wamp/www1/havefnubb/modules/hfnupoll/forms/ans_wizard1.form.xml, line: 8	E:\wamp\www1\lib\jelix\forms\jFormsCompiler.class.php	35
2009-08-17 14:14:25	[805]	 erreur de syntaxe xml dans un fichier jforms (fichier E:\wamp\www1\havefnubb\modules/hfnupoll/forms/ans_wizard1.form.xml)	E:\wamp\www1\lib\jelix\forms\jFormsCompiler.class.php	36
2009-08-17 14:14:31	[801]	 balise number inconnue (fichier E:\wamp\www1\havefnubb\modules/hfnupoll/forms/ans_wizard1.form.xml)	E:\wamp\www1\lib\jelix\forms\jFormsCompiler_jf_1_0.class.php	71
2009-08-17 14:15:19	[803]	 attribut min non permis sur input (fichier E:\wamp\www1\havefnubb\modules/hfnupoll/forms/ans_wizard1.form.xml)	E:\wamp\www1\lib\jelix\forms\jFormsCompiler_jf_1_0.class.php	86
2009-08-17 14:28:48	[0]	(200)The given locale key "hfnupoll.poll.answer" is invalid (for charset UTF-8, lang fr_FR)	E:\wamp\www1\lib\jelix\core\jLocale.class.php	70
2009-08-17 14:28:58	[0]	(200)The given locale key "hfnupoll.poll.answer" is invalid (for charset UTF-8, lang fr_FR)	E:\wamp\www1\lib\jelix\core\jLocale.class.php	70
2009-08-17 14:29:49	[0]	(200)The given locale key "hfnupoll.poll.answer" is invalid (for charset UTF-8, lang fr_FR)	E:\wamp\www1\lib\jelix\core\jLocale.class.php	70
2009-08-17 14:59:07	[1]	(403)Erreur dans la requête (Column 'question' cannot be null(INSERT INTO `hf_poll` (
`id_poll`,`question`,`date_created`,`status`
) VALUES (
1, NULL, NULL, NULL
)))	E:\wamp\www1\lib\jelix\plugins\db\mysql\mysql.dbconnection.php	127
2009-08-17 14:59:53	[520]	DAO hfnupoll~poll_answer, une table doit être indiquée (fichier E:\wamp\www1\havefnubb\modules/hfnupoll/daos/poll_answer.dao.xml)	E:\wamp\www1\lib\jelix\dao\jDaoParser.class.php	97
2009-08-17 15:00:18	[520]	DAO hfnupoll~poll_answer, une table doit être indiquée (fichier E:\wamp\www1\havefnubb\modules/hfnupoll/daos/poll_answer.dao.xml)	E:\wamp\www1\lib\jelix\dao\jDaoParser.class.php	97
2009-08-17 15:01:25	[520]	DAO hfnupoll~poll_answer, une table doit être indiquée (fichier E:\wamp\www1\havefnubb\modules/hfnupoll/daos/poll_answer.dao.xml)	E:\wamp\www1\lib\jelix\dao\jDaoParser.class.php	97
2009-08-17 15:01:51	[0]	(210)The given locale key "hfnupoll~poll.answsers.added" does not exists in the default lang for the UTF-8 charset	E:\wamp\www1\lib\jelix\core\jLocale.class.php	86
2009-08-17 18:51:08	[403]	Erreur dans la requête (Table 'hfnu.hf_bans' doesn't exist(DELETE FROM `hf_bans`  WHERE  `ban_expire` <'1250527868' AND `ban_expire` <> '0'))	D:\DOCUMENT_ROOT\www_havefnubb\lib\jelix\plugins\db\mysql\mysql.dbconnection.php	127
2009-08-17 18:51:10	[403]	Erreur dans la requête (Table 'hfnu.hf_bans' doesn't exist(DELETE FROM `hf_bans`  WHERE  `ban_expire` <'1250527870' AND `ban_expire` <> '0'))	D:\DOCUMENT_ROOT\www_havefnubb\lib\jelix\plugins\db\mysql\mysql.dbconnection.php	127
